10:29:00.877 [main                     ] DEBUG Logger               - Configured Logger
10:29:00.887 [main                     ] DEBUG GameApplication      - Logging settings
Title: Hot Potato Arena
Version: 0.1.0
Width: 800
Height: 600
Fullscreen: false
Intro: false
Profiling: false
Single step:false
App Mode: DEVELOPER
Menu Key: ESCAPE
Stage Style: DECORATED
Scene Factory: class com.demo.game.GameApp$1

10:29:01.974 [JavaFX Application Thread] DEBUG FXGLApplication      - Initializing FXGL
10:29:01.976 [JavaFX Application Thread] INFO  Engine               - FXGL-21.1 (27.03.2024 07.52) on MAC (J:21.0.7 FX:21.0.7+1)
10:29:01.976 [JavaFX Application Thread] DEBUG Engine               - JRE Vendor Name: BellSoft
10:29:01.977 [JavaFX Application Thread] DEBUG Engine               - Running on OS: Mac OS X version 26.0.1
10:29:01.977 [JavaFX Application Thread] DEBUG Engine               - Architecture: aarch64
10:29:01.977 [JavaFX Application Thread] INFO  Engine               - Source code and latest versions at: https://github.com/AlmasB/FXGL
10:29:01.977 [JavaFX Application Thread] INFO  Engine               -       Ask questions and discuss at: https://github.com/AlmasB/FXGL/discussions
10:29:01.977 [JavaFX Application Thread] INFO  Engine               -              Join the FXGL chat at: https://gitter.im/AlmasB/FXGL
10:29:02.025 [JavaFX Application Thread] DEBUG PrimaryStageWindow   - Creating a JavaFX scene
10:29:02.044 [JavaFX Application Thread] DEBUG PrimaryStageWindow   - Target settings size: 800.0 x 600.0
10:29:02.044 [JavaFX Application Thread] DEBUG PrimaryStageWindow   - Scaled scene size:    800.0 x 600.0
10:29:02.044 [JavaFX Application Thread] DEBUG PrimaryStageWindow   - Scaled ratio: (1.0, 1.0)
10:29:02.045 [JavaFX Application Thread] DEBUG PrimaryStageWindow   - Set initial scene to FXGLStartupScene
10:29:02.046 [JavaFX Application Thread] DEBUG PrimaryStageWindow   - Opening main window
10:29:02.195 [JavaFX Application Thread] DEBUG PrimaryStageWindow   - Window border size: (0.0, 28.0)
10:29:02.195 [JavaFX Application Thread] DEBUG PrimaryStageWindow   - Scaled size: 800.0 x 600.0
10:29:02.196 [JavaFX Application Thread] DEBUG PrimaryStageWindow   - Scaled ratio: (1.0, 1.0)
10:29:02.196 [JavaFX Application Thread] DEBUG PrimaryStageWindow   - Scene size: 800.0 x 600.0
10:29:02.196 [JavaFX Application Thread] DEBUG PrimaryStageWindow   - Stage size: 800.0 x 628.0
10:29:02.201 [FXGL Background Thread 1 ] DEBUG Engine               - Initializing environment variables
10:29:02.280 [FXGL Background Thread 1 ] DEBUG FXGLAssetLoaderServi - User app class for loading assets: class com.demo.game.GameApp
10:29:02.281 [FXGL Background Thread 1 ] DEBUG GameApplicationServi - Applying CSS: fxgl_dark.css
10:29:02.285 [FXGL Background Thread 1 ] DEBUG FXGLAssetLoaderServi - Loading from file system: jar:file:///Users/ahnafabidshan/.m2/repository/com/github/almasb/fxgl/21.1/fxgl-21.1.jar!/fxglassets/ui/css/fxgl_dark.css
10:29:02.350 [FXGL Background Thread 1 ] DEBUG GameApplicationServi - Initializing application scenes
10:29:02.502 [FXGL Background Thread 1 ] DEBUG GameWorld            - Game world initialized
10:29:02.528 [FXGL Background Thread 1 ] DEBUG PhysicsWorld         - Physics world initialized: appHeight=600, physics.ppm=50.0
10:29:02.528 [FXGL Background Thread 1 ] DEBUG PhysicsWorld         - Using strategy: BRUTE_FORCE
10:29:02.530 [FXGL Background Thread 1 ] DEBUG GameScene            - Game scene initialized: 800x600
10:29:02.584 [JavaFX Application Thread] DEBUG LoopRunner           - Stopping loop
10:29:02.584 [JavaFX Application Thread] DEBUG LoopRunner           - Initializing JavaFX AnimationTimerLoop
10:29:02.585 [JavaFX Application Thread] FATAL FXGLApplication      - Uncaught Exception:
java.lang.RuntimeException: Failed to load login.fxml: Error resolving onAction='#handleShowRegister', either the event handler is not in the Namespace or there is an error in the script.
/Users/ahnafabidshan/Downloads/Game/target/classes/com/demo/game/fxml/login.fxml:38

	at com.demo.game/com.demo.game.scenes.LoginScene.<init>(LoginScene.java:23)
	at com.demo.game/com.demo.game.GameApp$1.newMainMenu(GameApp.java:81)
	at com.almasb.fxgl.all@21.1/com.almasb.fxgl.app.FXGLApplication$GameApplicationService.initAppScenes(FXGLApplication.kt:476)
	at com.almasb.fxgl.all@21.1/com.almasb.fxgl.app.FXGLApplication$GameApplicationService.onInit(FXGLApplication.kt:436)
	at com.almasb.fxgl.all@21.1/com.almasb.fxgl.app.Engine.initServices(Engine.kt:85)
	at com.almasb.fxgl.all@21.1/com.almasb.fxgl.app.FXGLApplication.startImpl$lambda$2(FXGLApplication.kt:140)
	at com.almasb.fxgl.core@21.1/com.almasb.fxgl.core.concurrent.IOTask.lambda$ofVoid$5(IOTask.java:184)
	at com.almasb.fxgl.core@21.1/com.almasb.fxgl.core.concurrent.IOTask$2.onExecute(IOTask.java:197)
	at com.almasb.fxgl.core@21.1/com.almasb.fxgl.core.concurrent.IOTask$1.call(IOTask.java:148)
	at javafx.graphics/javafx.concurrent.Task$TaskCallable.call(Task.java:1399)
	at java.base/java.util.concurrent.FutureTask.run(FutureTask.java:317)
	at java.base/java.util.concurrent.Executors$RunnableAdapter.call(Executors.java:572)
	at java.base/java.util.concurrent.FutureTask.run(FutureTask.java:317)
	at java.base/java.util.concurrent.ThreadPoolExecutor.runWorker(ThreadPoolExecutor.java:1144)
	at java.base/java.util.concurrent.ThreadPoolExecutor$Worker.run(ThreadPoolExecutor.java:642)
	at java.base/java.lang.Thread.run(Thread.java:1583)
Caused by: javafx.fxml.LoadException: Error resolving onAction='#handleShowRegister', either the event handler is not in the Namespace or there is an error in the script.
/Users/ahnafabidshan/Downloads/Game/target/classes/com/demo/game/fxml/login.fxml:38

	at javafx.fxml/javafx.fxml.FXMLLoader.constructLoadException(FXMLLoader.java:2718)
	at javafx.fxml/javafx.fxml.FXMLLoader$Element.processEventHandlerAttributes(FXMLLoader.java:623)
	at javafx.fxml/javafx.fxml.FXMLLoader$ValueElement.processEndElement(FXMLLoader.java:783)
	at javafx.fxml/javafx.fxml.FXMLLoader.processEndElement(FXMLLoader.java:2969)
	at javafx.fxml/javafx.fxml.FXMLLoader.loadImpl(FXMLLoader.java:2654)
	at javafx.fxml/javafx.fxml.FXMLLoader.loadImpl(FXMLLoader.java:2563)
	at javafx.fxml/javafx.fxml.FXMLLoader.load(FXMLLoader.java:2531)
	at com.demo.game/com.demo.game.scenes.LoginScene.<init>(LoginScene.java:17)
	... 15 more

10:29:02.585 [JavaFX Application Thread] FATAL FXGLApplication      - Application will now exit
10:29:02.596 [JavaFX Application Thread] DEBUG PrimaryStageWindow   - Push state: ErrorSubScene
10:29:02.597 [JavaFX Application Thread] DEBUG Input                - Clearing active input actions
10:29:02.599 [JavaFX Application Thread] DEBUG GameApplicationServi - Removing overlay from FXGLStartupScene and adding to ErrorSubScene
10:29:02.599 [JavaFX Application Thread] DEBUG PrimaryStageWindow   - FXGLStartupScene -> ErrorSubScene
10:29:06.043 [JavaFX Application Thread] DEBUG FXGLApplication      - Exiting FXGL
10:29:06.043 [JavaFX Application Thread] DEBUG Async                - Shutting down background threads
10:29:06.043 [JavaFX Application Thread] DEBUG PrimaryStageWindow   - Closing main window
10:29:06.070 [JavaFX Application Thread] DEBUG Logger               - Closing Logger
