13:07:50.491 [main                     ] DEBUG Logger               - Configured Logger
13:07:50.498 [main                     ] DEBUG GameApplication      - Logging settings
Title: Hot Potato Arena
Version: 0.1.0
Width: 800
Height: 600
Fullscreen: false
Intro: false
Profiling: false
Single step:false
App Mode: DEVELOPER
Menu Key: ESCAPE
Stage Style: DECORATED
Scene Factory: class com.demo.game.GameApp$1

13:07:50.931 [JavaFX Application Thread] DEBUG FXGLApplication      - Initializing FXGL
13:07:50.933 [JavaFX Application Thread] INFO  Engine               - FXGL-21.1 (27.03.2024 07.52) on MAC (J:21.0.7 FX:21.0.7+1)
13:07:50.933 [JavaFX Application Thread] DEBUG Engine               - JRE Vendor Name: BellSoft
13:07:50.934 [JavaFX Application Thread] DEBUG Engine               - Running on OS: Mac OS X version 26.0.1
13:07:50.934 [JavaFX Application Thread] DEBUG Engine               - Architecture: aarch64
13:07:50.934 [JavaFX Application Thread] INFO  Engine               - Source code and latest versions at: https://github.com/AlmasB/FXGL
13:07:50.934 [JavaFX Application Thread] INFO  Engine               -       Ask questions and discuss at: https://github.com/AlmasB/FXGL/discussions
13:07:50.934 [JavaFX Application Thread] INFO  Engine               -              Join the FXGL chat at: https://gitter.im/AlmasB/FXGL
13:07:50.980 [JavaFX Application Thread] DEBUG PrimaryStageWindow   - Creating a JavaFX scene
13:07:50.998 [JavaFX Application Thread] DEBUG PrimaryStageWindow   - Target settings size: 800.0 x 600.0
13:07:50.998 [JavaFX Application Thread] DEBUG PrimaryStageWindow   - Scaled scene size:    800.0 x 600.0
13:07:50.998 [JavaFX Application Thread] DEBUG PrimaryStageWindow   - Scaled ratio: (1.0, 1.0)
13:07:50.998 [JavaFX Application Thread] DEBUG PrimaryStageWindow   - Set initial scene to FXGLStartupScene
13:07:51.000 [JavaFX Application Thread] DEBUG PrimaryStageWindow   - Opening main window
13:07:51.163 [JavaFX Application Thread] DEBUG PrimaryStageWindow   - Window border size: (0.0, 28.0)
13:07:51.163 [JavaFX Application Thread] DEBUG PrimaryStageWindow   - Scaled size: 800.0 x 600.0
13:07:51.163 [JavaFX Application Thread] DEBUG PrimaryStageWindow   - Scaled ratio: (1.0, 1.0)
13:07:51.163 [JavaFX Application Thread] DEBUG PrimaryStageWindow   - Scene size: 800.0 x 600.0
13:07:51.163 [JavaFX Application Thread] DEBUG PrimaryStageWindow   - Stage size: 800.0 x 628.0
13:07:51.176 [FXGL Background Thread 1 ] DEBUG Engine               - Initializing environment variables
13:07:51.226 [FXGL Background Thread 1 ] DEBUG FXGLAssetLoaderServi - User app class for loading assets: class com.demo.game.GameApp
13:07:51.226 [FXGL Background Thread 1 ] DEBUG GameApplicationServi - Applying CSS: fxgl_dark.css
13:07:51.230 [FXGL Background Thread 1 ] DEBUG FXGLAssetLoaderServi - Loading from file system: jar:file:///Users/ahnafabidshan/.m2/repository/com/github/almasb/fxgl/21.1/fxgl-21.1.jar!/fxglassets/ui/css/fxgl_dark.css
13:07:51.272 [FXGL Background Thread 1 ] DEBUG GameApplicationServi - Initializing application scenes
13:07:51.422 [FXGL Background Thread 1 ] DEBUG GameWorld            - Game world initialized
13:07:51.447 [FXGL Background Thread 1 ] DEBUG PhysicsWorld         - Physics world initialized: appHeight=600, physics.ppm=50.0
13:07:51.447 [FXGL Background Thread 1 ] DEBUG PhysicsWorld         - Using strategy: BRUTE_FORCE
13:07:51.449 [FXGL Background Thread 1 ] DEBUG GameScene            - Game scene initialized: 800x600
13:07:51.500 [FXGL Background Thread 1 ] DEBUG FXGL.DefaultMenu     - createMenuBodyGameMenu()
13:07:51.504 [FXGL Background Thread 1 ] DEBUG FXGL.DefaultMenu     - createOptionsMenu()
13:07:51.509 [FXGL Background Thread 1 ] DEBUG FXGLAssetLoaderServi - Loading from file system: jar:file:///Users/ahnafabidshan/.m2/repository/com/github/almasb/fxgl/21.1/fxgl-21.1.jar!/fxglassets/textures/particles/smoke.png
13:07:51.571 [FXGL Background Thread 1 ] DEBUG FXGLAssetLoaderServi - Loading from file system: jar:file:///Users/ahnafabidshan/.m2/repository/com/github/almasb/fxgl/21.1/fxgl-21.1.jar!/fxglassets/textures/particles/trace_horizontal.png
13:07:51.584 [FXGL Background Thread 1 ] DEBUG GameApplicationServi - Application scenes initialized
13:07:51.588 [FXGL Background Thread 1 ] DEBUG SystemBundleService  - Loading FXGL system data
13:07:51.590 [FXGL Background Thread 1 ] DEBUG FileSystemAccess     - Reading from: /Users/ahnafabidshan/Downloads/Game/system/fxgl.bundle
13:07:51.596 [FXGL Background Thread 1 ] DEBUG SystemBundleService  - Bundle FXGL: {}
13:07:51.596 [FXGL Background Thread 1 ] DEBUG UpdaterService       - Checking for updates
13:07:51.597 [FXGL Background Thread 4 ] DEBUG FXGLApplication      - Loading fonts
13:07:51.597 [FXGL Background Thread 4 ] DEBUG FXGLAssetLoaderServi - Loading from file system: jar:file:///Users/ahnafabidshan/.m2/repository/com/github/almasb/fxgl/21.1/fxgl-21.1.jar!/fxglassets/ui/fonts/VarelaRound-Regular.ttf
13:07:51.597 [FXGL Background Thread 1 ] DEBUG FXGLApplication      - Loading default localization
13:07:51.598 [FXGL Background Thread 1 ] DEBUG FXGLAssetLoaderServi - Loading from file system: jar:file:///Users/ahnafabidshan/.m2/repository/com/github/almasb/fxgl/21.1/fxgl-21.1.jar!/fxglassets/languages/english.lang
13:07:51.606 [FXGL Background Thread 1 ] INFO  FXGLApplication      - FXGL initialization took: 0.430 sec
13:07:51.610 [FXGL Background Thread 4 ] DEBUG FXGLAssetLoaderServi - Loading from file system: jar:file:///Users/ahnafabidshan/.m2/repository/com/github/almasb/fxgl/21.1/fxgl-21.1.jar!/fxglassets/ui/fonts/Abel-Regular.ttf
13:07:51.610 [JavaFX Application Thread] DEBUG Input                - Registered new binding: Move Left - A
13:07:51.610 [JavaFX Application Thread] DEBUG Input                - Registered new binding: Move Right - D
13:07:51.610 [JavaFX Application Thread] DEBUG Input                - Registered new binding: Move Up - W
13:07:51.610 [JavaFX Application Thread] DEBUG Input                - Registered new binding: Move Down - S
13:07:51.610 [JavaFX Application Thread] DEBUG Input                - Registered new binding: Pass Bomb - Space
13:07:51.612 [JavaFX Application Thread] DEBUG FXGLAssetLoaderServi - Loading from file system: jar:file:///Users/ahnafabidshan/.m2/repository/com/github/almasb/fxgl/21.1/fxgl-21.1.jar!/fxglassets/textures/fxgl_icon.png
13:07:51.612 [FXGL Background Thread 4 ] DEBUG FXGLAssetLoaderServi - Loading from file system: jar:file:///Users/ahnafabidshan/.m2/repository/com/github/almasb/fxgl/21.1/fxgl-21.1.jar!/fxglassets/ui/fonts/TerminalLandMono-Regular.otf
13:07:51.616 [FXGL Background Thread 4 ] DEBUG FXGLAssetLoaderServi - Loading from file system: jar:file:///Users/ahnafabidshan/.m2/repository/com/github/almasb/fxgl/21.1/fxgl-21.1.jar!/fxglassets/ui/fonts/Courier-Prime.ttf
13:07:51.631 [JavaFX Application Thread] DEBUG FXGLAssetLoaderServi - Loading from file system: jar:file:///Users/ahnafabidshan/.m2/repository/com/github/almasb/fxgl/21.1/fxgl-21.1.jar!/fxglassets/textures/fxgl_default_cursor.png
13:07:51.632 [JavaFX Application Thread] DEBUG Input                - Registered new binding: Screenshot - CTRL+8
13:07:51.632 [JavaFX Application Thread] DEBUG Input                - Registered new binding: System info dump - CTRL+9
13:07:51.632 [JavaFX Application Thread] DEBUG Input                - Registered new binding: Restart - CTRL+R
13:07:51.632 [JavaFX Application Thread] DEBUG Input                - Registered new binding: Toggle Debug Camera - CTRL+7
13:07:51.633 [JavaFX Application Thread] DEBUG LoopRunner           - Starting loop
13:07:51.633 [JavaFX Application Thread] DEBUG LoopRunner           - Initializing JavaFX AnimationTimerLoop
13:07:51.634 [JavaFX Application Thread] DEBUG Input                - Clearing active input actions
13:07:51.637 [JavaFX Application Thread] DEBUG GameApplicationServi - Removing overlay from FXGLStartupScene and adding to FXGLMainMenuDummyScene
13:07:51.638 [JavaFX Application Thread] DEBUG PrimaryStageWindow   - FXGLStartupScene -> FXGLMainMenuDummyScene
13:07:51.638 [JavaFX Application Thread] DEBUG PrimaryStageWindow   - Push state: LoginScene
13:07:51.638 [JavaFX Application Thread] DEBUG Input                - Clearing active input actions
13:07:51.644 [JavaFX Application Thread] DEBUG GameApplicationServi - Removing overlay from FXGLMainMenuDummyScene and adding to LoginScene
13:07:51.644 [JavaFX Application Thread] DEBUG PrimaryStageWindow   - FXGLMainMenuDummyScene -> LoginScene
13:07:51.661 [JavaFX Application Thread] DEBUG FXGLApplication      - Registering font factories with UI factory
13:07:54.602 [FXGL Background Thread 3 ] DEBUG Engine               - Logging environment variables
13:07:54.604 [FXGL Background Thread 3 ] DEBUG Engine               - achievements: []
13:07:54.604 [FXGL Background Thread 3 ] DEBUG Engine               - actualHeight: 600.0
13:07:54.604 [FXGL Background Thread 3 ] DEBUG Engine               - actualHeightProperty: ReadOnlyDoubleProperty [value: 600.0]
13:07:54.604 [FXGL Background Thread 3 ] DEBUG Engine               - actualWidth: 800.0
13:07:54.604 [FXGL Background Thread 3 ] DEBUG Engine               - actualWidthProperty: ReadOnlyDoubleProperty [value: 800.0]
13:07:54.605 [FXGL Background Thread 3 ] DEBUG Engine               - appIcon: fxgl_icon.png
13:07:54.605 [FXGL Background Thread 3 ] DEBUG Engine               - applicationMode: DEVELOPER
13:07:54.605 [FXGL Background Thread 3 ] DEBUG Engine               - cSSList: [fxgl_dark.css]
13:07:54.605 [FXGL Background Thread 3 ] DEBUG Engine               - collisionDetectionStrategy: BRUTE_FORCE
13:07:54.605 [FXGL Background Thread 3 ] DEBUG Engine               - configClass: Optional.empty
13:07:54.605 [FXGL Background Thread 3 ] DEBUG Engine               - credits: []
13:07:54.606 [FXGL Background Thread 3 ] DEBUG Engine               - defaultCursor: CursorInfo(imageName=fxgl_default_cursor.png, hotspotX=7.0, hotspotY=6.0)
13:07:54.606 [FXGL Background Thread 3 ] DEBUG Engine               - devBBoxColorProperty: ObjectProperty [value: 0xff0000ff]
13:07:54.606 [FXGL Background Thread 3 ] DEBUG Engine               - devEnableDebugCameraProperty: BooleanProperty [value: false]
13:07:54.606 [FXGL Background Thread 3 ] DEBUG Engine               - devSensorColorProperty: ObjectProperty [value: 0xffff00ff]
13:07:54.606 [FXGL Background Thread 3 ] DEBUG Engine               - devShowBBoxProperty: BooleanProperty [value: false]
13:07:54.607 [FXGL Background Thread 3 ] DEBUG Engine               - devShowPositionProperty: BooleanProperty [value: false]
13:07:54.607 [FXGL Background Thread 3 ] DEBUG Engine               - enabledMenuItems: []
13:07:54.607 [FXGL Background Thread 3 ] DEBUG Engine               - engineServices: [class com.almasb.fxgl.app.services.FXGLAssetLoaderService, class com.almasb.fxgl.app.FXGLApplication$GameApplicationService, class com.almasb.fxgl.app.services.FXGLDialogService, class com.almasb.fxgl.app.services.IOTaskExecutorService, class com.almasb.fxgl.io.FileSystemService, class com.almasb.fxgl.localization.LocalizationService, class com.almasb.fxgl.app.services.SystemBundleService, class com.almasb.fxgl.profile.SaveLoadService, class com.almasb.fxgl.ui.FXGLUIFactoryServiceProvider, class com.almasb.fxgl.ui.FXGLDialogFactoryServiceProvider, class com.almasb.fxgl.audio.AudioPlayer, class com.almasb.fxgl.notification.impl.NotificationServiceProvider, class com.almasb.fxgl.achievement.AchievementService, class com.almasb.fxgl.cutscene.CutsceneService, class com.almasb.fxgl.minigames.MiniGameService, class com.almasb.fxgl.net.NetService, class com.almasb.fxgl.app.services.UpdaterService, class com.almasb.fxgl.dev.DevService]
13:07:54.607 [FXGL Background Thread 3 ] DEBUG Engine               - fontGame: Abel-Regular.ttf
13:07:54.607 [FXGL Background Thread 3 ] DEBUG Engine               - fontMono: TerminalLandMono-Regular.otf
13:07:54.607 [FXGL Background Thread 3 ] DEBUG Engine               - fontSizeScaleUI: 1.0
13:07:54.607 [FXGL Background Thread 3 ] DEBUG Engine               - fontText: Courier-Prime.ttf
13:07:54.607 [FXGL Background Thread 3 ] DEBUG Engine               - fontUI: VarelaRound-Regular.ttf
13:07:54.607 [FXGL Background Thread 3 ] DEBUG Engine               - fullScreen: BooleanProperty [value: false]
13:07:54.607 [FXGL Background Thread 3 ] DEBUG Engine               - gameDifficulty: MEDIUM
13:07:54.607 [FXGL Background Thread 3 ] DEBUG Engine               - gameDifficultyProperty: ObjectProperty [value: MEDIUM]
13:07:54.607 [FXGL Background Thread 3 ] DEBUG Engine               - globalMusicVolume: 0.5
13:07:54.608 [FXGL Background Thread 3 ] DEBUG Engine               - globalMusicVolumeProperty: DoubleProperty [value: 0.5]
13:07:54.608 [FXGL Background Thread 3 ] DEBUG Engine               - globalSoundVolume: 0.5
13:07:54.608 [FXGL Background Thread 3 ] DEBUG Engine               - globalSoundVolumeProperty: DoubleProperty [value: 0.5]
13:07:54.608 [FXGL Background Thread 3 ] DEBUG Engine               - height: 600
13:07:54.608 [FXGL Background Thread 3 ] DEBUG Engine               - is3D: false
13:07:54.608 [FXGL Background Thread 3 ] DEBUG Engine               - isAndroid: false
13:07:54.608 [FXGL Background Thread 3 ] DEBUG Engine               - isBrowser: false
13:07:54.608 [FXGL Background Thread 3 ] DEBUG Engine               - isClickFeedbackEnabled: false
13:07:54.608 [FXGL Background Thread 3 ] DEBUG Engine               - isCloseConfirmation: false
13:07:54.608 [FXGL Background Thread 3 ] DEBUG Engine               - isDesktop: true
13:07:54.609 [FXGL Background Thread 3 ] DEBUG Engine               - isDeveloperMenuEnabled: false
13:07:54.609 [FXGL Background Thread 3 ] DEBUG Engine               - isEmbedded: false
13:07:54.609 [FXGL Background Thread 3 ] DEBUG Engine               - isEntityPreloadEnabled: true
13:07:54.609 [FXGL Background Thread 3 ] DEBUG Engine               - isExperimentalTiledLargeMap: false
13:07:54.609 [FXGL Background Thread 3 ] DEBUG Engine               - isFileSystemWriteAllowed: true
13:07:54.609 [FXGL Background Thread 3 ] DEBUG Engine               - isFullScreenAllowed: false
13:07:54.609 [FXGL Background Thread 3 ] DEBUG Engine               - isFullScreenFromStart: false
13:07:54.609 [FXGL Background Thread 3 ] DEBUG Engine               - isGameMenuEnabled: true
13:07:54.609 [FXGL Background Thread 3 ] DEBUG Engine               - isIOS: false
13:07:54.609 [FXGL Background Thread 3 ] DEBUG Engine               - isIntroEnabled: false
13:07:54.609 [FXGL Background Thread 3 ] DEBUG Engine               - isLinux: false
13:07:54.609 [FXGL Background Thread 3 ] DEBUG Engine               - isMac: true
13:07:54.610 [FXGL Background Thread 3 ] DEBUG Engine               - isMainMenuEnabled: true
13:07:54.610 [FXGL Background Thread 3 ] DEBUG Engine               - isManualResizeEnabled: false
13:07:54.610 [FXGL Background Thread 3 ] DEBUG Engine               - isMobile: false
13:07:54.610 [FXGL Background Thread 3 ] DEBUG Engine               - isNative: false
13:07:54.610 [FXGL Background Thread 3 ] DEBUG Engine               - isPauseMusicWhenMinimized: true
13:07:54.610 [FXGL Background Thread 3 ] DEBUG Engine               - isPreserveResizeRatio: false
13:07:54.610 [FXGL Background Thread 3 ] DEBUG Engine               - isProfilingEnabled: false
13:07:54.610 [FXGL Background Thread 3 ] DEBUG Engine               - isScaleAffectedOnResize: true
13:07:54.610 [FXGL Background Thread 3 ] DEBUG Engine               - isSingleStep: false
13:07:54.610 [FXGL Background Thread 3 ] DEBUG Engine               - isUserProfileEnabled: false
13:07:54.610 [FXGL Background Thread 3 ] DEBUG Engine               - isWindows: false
13:07:54.610 [FXGL Background Thread 3 ] DEBUG Engine               - language: ObjectProperty [value: ENGLISH]
13:07:54.611 [FXGL Background Thread 3 ] DEBUG Engine               - menuKey: ESCAPE
13:07:54.611 [FXGL Background Thread 3 ] DEBUG Engine               - mouseSensitivity: 0.2
13:07:54.611 [FXGL Background Thread 3 ] DEBUG Engine               - notificationViewClass: class com.almasb.fxgl.notification.view.XboxNotificationView
13:07:54.611 [FXGL Background Thread 3 ] DEBUG Engine               - pixelsPerMeter: 50.0
13:07:54.611 [FXGL Background Thread 3 ] DEBUG Engine               - platform: MAC
13:07:54.611 [FXGL Background Thread 3 ] DEBUG Engine               - prefHeightProperty: ReadOnlyDoubleProperty [value: 600.0]
13:07:54.611 [FXGL Background Thread 3 ] DEBUG Engine               - prefWidthProperty: ReadOnlyDoubleProperty [value: 800.0]
13:07:54.611 [FXGL Background Thread 3 ] DEBUG Engine               - profileDir: profiles/
13:07:54.611 [FXGL Background Thread 3 ] DEBUG Engine               - profileName: StringProperty [value: DEFAULT]
13:07:54.611 [FXGL Background Thread 3 ] DEBUG Engine               - randomSeed: -1
13:07:54.612 [FXGL Background Thread 3 ] DEBUG Engine               - runtimeInfo: RuntimeInfo(platform=MAC, version=21.1, build=27.03.2024 07.52)
13:07:54.612 [FXGL Background Thread 3 ] DEBUG Engine               - saveFileExt: sav
13:07:54.612 [FXGL Background Thread 3 ] DEBUG Engine               - scaledHeightProp$fxgl: DoubleProperty [bound, value: 600.0]
13:07:54.612 [FXGL Background Thread 3 ] DEBUG Engine               - scaledWidthProp$fxgl: DoubleProperty [bound, value: 800.0]
13:07:54.612 [FXGL Background Thread 3 ] DEBUG Engine               - sceneFactory: com.demo.game.GameApp$1@791bfb8c
13:07:54.612 [FXGL Background Thread 3 ] DEBUG Engine               - secondsIn24h: 60
13:07:54.612 [FXGL Background Thread 3 ] DEBUG Engine               - soundMenuBack: menu/back.wav
13:07:54.612 [FXGL Background Thread 3 ] DEBUG Engine               - soundMenuPress: menu/press.wav
13:07:54.612 [FXGL Background Thread 3 ] DEBUG Engine               - soundMenuSelect: menu/select.wav
13:07:54.612 [FXGL Background Thread 3 ] DEBUG Engine               - soundNotification: core/notification.wav
13:07:54.612 [FXGL Background Thread 3 ] DEBUG Engine               - stageStyle: DECORATED
13:07:54.612 [FXGL Background Thread 3 ] DEBUG Engine               - supportedLanguages: [ENGLISH, FRENCH, GERMAN, HUNGARIAN, RUSSIAN]
13:07:54.612 [FXGL Background Thread 3 ] DEBUG Engine               - ticksPerSecond: -1
13:07:54.612 [FXGL Background Thread 3 ] DEBUG Engine               - title: Hot Potato Arena
13:07:54.612 [FXGL Background Thread 3 ] DEBUG Engine               - urlGithub: https://github.com/AlmasB/FXGL
13:07:54.612 [FXGL Background Thread 3 ] DEBUG Engine               - urlLeaderboard: http://fxgl-top.herokuapp.com/
13:07:54.613 [FXGL Background Thread 3 ] DEBUG Engine               - urlPOM: https://raw.githubusercontent.com/AlmasB/FXGL/release/README.md
13:07:54.613 [FXGL Background Thread 3 ] DEBUG Engine               - userAppClass: class com.demo.game.GameApp
13:07:54.613 [FXGL Background Thread 3 ] DEBUG Engine               - version: 0.1.0
13:07:54.613 [FXGL Background Thread 3 ] DEBUG Engine               - versionCheckDays: 7
13:07:54.613 [FXGL Background Thread 3 ] DEBUG Engine               - width: 800
13:07:54.613 [FXGL Background Thread 3 ] DEBUG Engine               - Logging services
13:07:54.613 [FXGL Background Thread 3 ] DEBUG Engine               - class com.almasb.fxgl.app.services.FXGLAssetLoaderService
13:07:54.613 [FXGL Background Thread 3 ] DEBUG Engine               - class com.almasb.fxgl.app.FXGLApplication$GameApplicationService
13:07:54.613 [FXGL Background Thread 3 ] DEBUG Engine               - class com.almasb.fxgl.app.services.FXGLDialogService
13:07:54.613 [FXGL Background Thread 3 ] DEBUG Engine               - class com.almasb.fxgl.app.services.IOTaskExecutorService
13:07:54.613 [FXGL Background Thread 3 ] DEBUG Engine               - class com.almasb.fxgl.io.FileSystemService
13:07:54.613 [FXGL Background Thread 3 ] DEBUG Engine               - class com.almasb.fxgl.localization.LocalizationService
13:07:54.613 [FXGL Background Thread 3 ] DEBUG Engine               - class com.almasb.fxgl.app.services.SystemBundleService
13:07:54.613 [FXGL Background Thread 3 ] DEBUG Engine               - class com.almasb.fxgl.profile.SaveLoadService
13:07:54.614 [FXGL Background Thread 3 ] DEBUG Engine               - class com.almasb.fxgl.ui.FXGLUIFactoryServiceProvider
13:07:54.614 [FXGL Background Thread 3 ] DEBUG Engine               - class com.almasb.fxgl.ui.FXGLDialogFactoryServiceProvider
13:07:54.614 [FXGL Background Thread 3 ] DEBUG Engine               - class com.almasb.fxgl.audio.AudioPlayer
13:07:54.614 [FXGL Background Thread 3 ] DEBUG Engine               - class com.almasb.fxgl.notification.impl.NotificationServiceProvider
13:07:54.614 [FXGL Background Thread 3 ] DEBUG Engine               - class com.almasb.fxgl.achievement.AchievementService
13:07:54.614 [FXGL Background Thread 3 ] DEBUG Engine               - class com.almasb.fxgl.cutscene.CutsceneService
13:07:54.614 [FXGL Background Thread 3 ] DEBUG Engine               - class com.almasb.fxgl.minigames.MiniGameService
13:07:54.614 [FXGL Background Thread 3 ] DEBUG Engine               - class com.almasb.fxgl.net.NetService
13:07:54.614 [FXGL Background Thread 3 ] DEBUG Engine               - class com.almasb.fxgl.app.services.UpdaterService
13:07:54.614 [FXGL Background Thread 3 ] DEBUG Engine               - class com.almasb.fxgl.dev.DevService
13:08:01.794 [JavaFX Application Thread] DEBUG GameApplicationServi - Starting new game
13:08:01.794 [JavaFX Application Thread] DEBUG PrimaryStageWindow   - Pop state: LoginScene
13:08:01.794 [JavaFX Application Thread] DEBUG Input                - Clearing active input actions
13:08:01.795 [JavaFX Application Thread] DEBUG GameApplicationServi - Removing overlay from LoginScene and adding to FXGLMainMenuDummyScene
13:08:01.795 [JavaFX Application Thread] DEBUG PrimaryStageWindow   - FXGLMainMenuDummyScene <- LoginScene
13:08:01.796 [JavaFX Application Thread] DEBUG Input                - Clearing active input actions
13:08:01.803 [JavaFX Application Thread] DEBUG GameApplicationServi - Removing overlay from FXGLMainMenuDummyScene and adding to FXGLLoadingScene
13:08:01.803 [JavaFX Application Thread] DEBUG PrimaryStageWindow   - FXGLMainMenuDummyScene -> FXGLLoadingScene
13:08:01.803 [JavaFX Application Thread] DEBUG GameApplicationServi - Clearing previous game
13:08:01.803 [JavaFX Application Thread] DEBUG GameScene            - Clearing game scene
13:08:01.803 [JavaFX Application Thread] DEBUG GameWorld            - Clearing game world
13:08:01.803 [JavaFX Application Thread] DEBUG PhysicsWorld         - Clearing physics world
13:08:01.805 [FXGL Background Thread 2 ] DEBUG FXGLApplication      - Initializing game
13:08:01.867 [FXGL Background Thread 2 ] DEBUG FXGLAssetLoaderServi - Loading from file system: file:/Users/ahnafabidshan/Downloads/Game/target/classes/assets/textures/player.png
13:08:01.879 [FXGL Background Thread 2 ] DEBUG FXGLAssetLoaderServi - Loading from file system: file:/Users/ahnafabidshan/Downloads/Game/target/classes/assets/textures/bomb.png
13:08:01.883 [FXGL Background Thread 2 ] INFO  FXGLApplication      - Game initialization took: 0.078 sec
13:08:01.883 [JavaFX Application Thread] DEBUG Input                - Clearing active input actions
13:08:01.886 [JavaFX Application Thread] DEBUG GameApplicationServi - Removing overlay from FXGLLoadingScene and adding to GameScene
13:08:01.886 [JavaFX Application Thread] DEBUG PrimaryStageWindow   - FXGLLoadingScene -> GameScene
13:08:04.403 [JavaFX Application Thread] WARN  FXGLAssetLoaderServi - Asset "/assets/sounds/pass.wav" was not found!
13:08:04.403 [JavaFX Application Thread] WARN  FXGLAssetLoaderServi - Failed to load SOUND
13:08:07.500 [JavaFX Application Thread] WARN  FXGLAssetLoaderServi - Asset "/assets/sounds/teleport.wav" was not found!
13:08:07.500 [JavaFX Application Thread] WARN  FXGLAssetLoaderServi - Failed to load SOUND
13:08:08.199 [JavaFX Application Thread] WARN  FXGLAssetLoaderServi - Asset "/assets/sounds/pass.wav" was not found!
13:08:08.199 [JavaFX Application Thread] WARN  FXGLAssetLoaderServi - Failed to load SOUND
13:08:11.644 [JavaFX Application Thread] WARN  FXGLAssetLoaderServi - Asset "/assets/sounds/pass.wav" was not found!
13:08:11.644 [JavaFX Application Thread] WARN  FXGLAssetLoaderServi - Failed to load SOUND
13:08:13.366 [JavaFX Application Thread] WARN  FXGLAssetLoaderServi - Asset "/assets/sounds/teleport.wav" was not found!
13:08:13.366 [JavaFX Application Thread] WARN  FXGLAssetLoaderServi - Failed to load SOUND
13:08:16.131 [JavaFX Application Thread] WARN  FXGLAssetLoaderServi - Asset "/assets/sounds/teleport.wav" was not found!
13:08:16.132 [JavaFX Application Thread] WARN  FXGLAssetLoaderServi - Failed to load SOUND
13:08:16.634 [JavaFX Application Thread] DEBUG EventBus             - Firing event: com.demo.game.events.BombExplodedEvent[source=javafx.event.Event$$Lambda/0x00000008011fc920@69c6a38b]
13:08:18.131 [JavaFX Application Thread] WARN  FXGLAssetLoaderServi - Asset "/assets/sounds/teleport.wav" was not found!
13:08:18.131 [JavaFX Application Thread] WARN  FXGLAssetLoaderServi - Failed to load SOUND
13:08:19.898 [JavaFX Application Thread] WARN  FXGLAssetLoaderServi - Asset "/assets/sounds/pass.wav" was not found!
13:08:19.898 [JavaFX Application Thread] WARN  FXGLAssetLoaderServi - Failed to load SOUND
13:08:21.415 [JavaFX Application Thread] WARN  FXGLAssetLoaderServi - Asset "/assets/sounds/pass.wav" was not found!
13:08:21.416 [JavaFX Application Thread] WARN  FXGLAssetLoaderServi - Failed to load SOUND
13:08:21.981 [JavaFX Application Thread] WARN  FXGLAssetLoaderServi - Asset "/assets/sounds/teleport.wav" was not found!
13:08:21.981 [JavaFX Application Thread] WARN  FXGLAssetLoaderServi - Failed to load SOUND
13:08:21.981 [JavaFX Application Thread] WARN  FXGLAssetLoaderServi - Asset "/assets/sounds/teleport.wav" was not found!
13:08:21.981 [JavaFX Application Thread] WARN  FXGLAssetLoaderServi - Failed to load SOUND
13:08:22.931 [JavaFX Application Thread] WARN  FXGLAssetLoaderServi - Asset "/assets/sounds/pass.wav" was not found!
13:08:22.931 [JavaFX Application Thread] WARN  FXGLAssetLoaderServi - Failed to load SOUND
13:08:24.449 [JavaFX Application Thread] WARN  FXGLAssetLoaderServi - Asset "/assets/sounds/pass.wav" was not found!
13:08:24.449 [JavaFX Application Thread] WARN  FXGLAssetLoaderServi - Failed to load SOUND
13:08:25.964 [JavaFX Application Thread] WARN  FXGLAssetLoaderServi - Asset "/assets/sounds/pass.wav" was not found!
13:08:25.964 [JavaFX Application Thread] WARN  FXGLAssetLoaderServi - Failed to load SOUND
13:08:27.483 [JavaFX Application Thread] WARN  FXGLAssetLoaderServi - Asset "/assets/sounds/pass.wav" was not found!
13:08:27.483 [JavaFX Application Thread] WARN  FXGLAssetLoaderServi - Failed to load SOUND
13:08:28.999 [JavaFX Application Thread] WARN  FXGLAssetLoaderServi - Asset "/assets/sounds/pass.wav" was not found!
13:08:28.999 [JavaFX Application Thread] WARN  FXGLAssetLoaderServi - Failed to load SOUND
13:08:30.467 [JavaFX Application Thread] WARN  FXGLAssetLoaderServi - Asset "/assets/sounds/teleport.wav" was not found!
13:08:30.468 [JavaFX Application Thread] WARN  FXGLAssetLoaderServi - Failed to load SOUND
13:08:30.468 [JavaFX Application Thread] WARN  FXGLAssetLoaderServi - Asset "/assets/sounds/teleport.wav" was not found!
13:08:30.468 [JavaFX Application Thread] WARN  FXGLAssetLoaderServi - Failed to load SOUND
13:08:30.515 [JavaFX Application Thread] WARN  FXGLAssetLoaderServi - Asset "/assets/sounds/pass.wav" was not found!
13:08:30.515 [JavaFX Application Thread] WARN  FXGLAssetLoaderServi - Failed to load SOUND
13:08:32.032 [JavaFX Application Thread] WARN  FXGLAssetLoaderServi - Asset "/assets/sounds/pass.wav" was not found!
13:08:32.032 [JavaFX Application Thread] WARN  FXGLAssetLoaderServi - Failed to load SOUND
13:08:33.549 [JavaFX Application Thread] WARN  FXGLAssetLoaderServi - Asset "/assets/sounds/pass.wav" was not found!
13:08:33.549 [JavaFX Application Thread] WARN  FXGLAssetLoaderServi - Failed to load SOUND
13:08:35.065 [JavaFX Application Thread] WARN  FXGLAssetLoaderServi - Asset "/assets/sounds/pass.wav" was not found!
13:08:35.065 [JavaFX Application Thread] WARN  FXGLAssetLoaderServi - Failed to load SOUND
13:08:39.849 [JavaFX Application Thread] WARN  FXGLAssetLoaderServi - Asset "/assets/sounds/teleport.wav" was not found!
13:08:39.849 [JavaFX Application Thread] WARN  FXGLAssetLoaderServi - Failed to load SOUND
13:08:39.849 [JavaFX Application Thread] WARN  FXGLAssetLoaderServi - Asset "/assets/sounds/teleport.wav" was not found!
13:08:39.849 [JavaFX Application Thread] WARN  FXGLAssetLoaderServi - Failed to load SOUND
13:08:40.081 [JavaFX Application Thread] DEBUG EventBus             - Firing event: com.demo.game.events.BombExplodedEvent[source=javafx.event.Event$$Lambda/0x00000008011fc920@69c6a38b]
13:08:42.447 [JavaFX Application Thread] WARN  FXGLAssetLoaderServi - Asset "/assets/sounds/teleport.wav" was not found!
13:08:42.447 [JavaFX Application Thread] WARN  FXGLAssetLoaderServi - Failed to load SOUND
13:08:42.447 [JavaFX Application Thread] WARN  FXGLAssetLoaderServi - Asset "/assets/sounds/teleport.wav" was not found!
13:08:42.447 [JavaFX Application Thread] WARN  FXGLAssetLoaderServi - Failed to load SOUND
13:08:45.098 [JavaFX Application Thread] DEBUG EventBus             - Firing event: com.demo.game.events.BombExplodedEvent[source=javafx.event.Event$$Lambda/0x00000008011fc920@69c6a38b]
13:08:48.384 [JavaFX Application Thread] WARN  FXGLAssetLoaderServi - Asset "/assets/sounds/teleport.wav" was not found!
13:08:48.384 [JavaFX Application Thread] WARN  FXGLAssetLoaderServi - Failed to load SOUND
13:08:48.384 [JavaFX Application Thread] WARN  FXGLAssetLoaderServi - Asset "/assets/sounds/teleport.wav" was not found!
13:08:48.384 [JavaFX Application Thread] WARN  FXGLAssetLoaderServi - Failed to load SOUND
13:08:48.385 [JavaFX Application Thread] WARN  FXGLAssetLoaderServi - Asset "/assets/sounds/teleport.wav" was not found!
13:08:48.385 [JavaFX Application Thread] WARN  FXGLAssetLoaderServi - Failed to load SOUND
13:08:50.099 [JavaFX Application Thread] DEBUG EventBus             - Firing event: com.demo.game.events.BombExplodedEvent[source=javafx.event.Event$$Lambda/0x00000008011fc920@69c6a38b]
13:08:52.782 [JavaFX Application Thread] WARN  FXGLAssetLoaderServi - Asset "/assets/sounds/pass.wav" was not found!
13:08:52.783 [JavaFX Application Thread] WARN  FXGLAssetLoaderServi - Failed to load SOUND
13:08:53.634 [JavaFX Application Thread] DEBUG PrimaryStageWindow   - Push state: FXGLDefaultMenu
13:08:53.635 [JavaFX Application Thread] DEBUG Input                - Clearing active input actions
13:08:53.637 [JavaFX Application Thread] DEBUG GameApplicationServi - Removing overlay from GameScene and adding to FXGLDefaultMenu
13:08:53.637 [JavaFX Application Thread] DEBUG PrimaryStageWindow   - GameScene -> FXGLDefaultMenu
13:08:57.860 [JavaFX Application Thread] DEBUG FXGL.DefaultMenu     - createContentControls()
13:08:59.444 [JavaFX Application Thread] DEBUG PrimaryStageWindow   - Push state: PressAnyKeyState
13:08:59.444 [JavaFX Application Thread] DEBUG Input                - Clearing active input actions
13:08:59.444 [JavaFX Application Thread] DEBUG GameApplicationServi - Removing overlay from FXGLDefaultMenu and adding to PressAnyKeyState
13:08:59.444 [JavaFX Application Thread] DEBUG PrimaryStageWindow   - FXGLDefaultMenu -> PressAnyKeyState
13:09:00.555 [JavaFX Application Thread] DEBUG PrimaryStageWindow   - Pop state: PressAnyKeyState
13:09:00.555 [JavaFX Application Thread] DEBUG Input                - Clearing active input actions
13:09:00.555 [JavaFX Application Thread] DEBUG GameApplicationServi - Removing overlay from PressAnyKeyState and adding to FXGLDefaultMenu
13:09:00.555 [JavaFX Application Thread] DEBUG PrimaryStageWindow   - FXGLDefaultMenu <- PressAnyKeyState
13:09:00.626 [JavaFX Application Thread] DEBUG PrimaryStageWindow   - Push state: PressAnyKeyState
13:09:00.626 [JavaFX Application Thread] DEBUG Input                - Clearing active input actions
13:09:00.626 [JavaFX Application Thread] DEBUG GameApplicationServi - Removing overlay from FXGLDefaultMenu and adding to PressAnyKeyState
13:09:00.626 [JavaFX Application Thread] DEBUG PrimaryStageWindow   - FXGLDefaultMenu -> PressAnyKeyState
13:09:05.937 [JavaFX Application Thread] DEBUG PrimaryStageWindow   - Pop state: PressAnyKeyState
13:09:05.937 [JavaFX Application Thread] DEBUG Input                - Clearing active input actions
13:09:05.937 [JavaFX Application Thread] DEBUG GameApplicationServi - Removing overlay from PressAnyKeyState and adding to FXGLDefaultMenu
13:09:05.938 [JavaFX Application Thread] DEBUG PrimaryStageWindow   - FXGLDefaultMenu <- PressAnyKeyState
13:09:07.771 [JavaFX Application Thread] DEBUG PrimaryStageWindow   - Push state: PressAnyKeyState
13:09:07.772 [JavaFX Application Thread] DEBUG Input                - Clearing active input actions
13:09:07.772 [JavaFX Application Thread] DEBUG GameApplicationServi - Removing overlay from FXGLDefaultMenu and adding to PressAnyKeyState
13:09:07.772 [JavaFX Application Thread] DEBUG PrimaryStageWindow   - FXGLDefaultMenu -> PressAnyKeyState
13:09:09.428 [JavaFX Application Thread] DEBUG PrimaryStageWindow   - Pop state: PressAnyKeyState
13:09:09.429 [JavaFX Application Thread] DEBUG Input                - Clearing active input actions
13:09:09.429 [JavaFX Application Thread] DEBUG GameApplicationServi - Removing overlay from PressAnyKeyState and adding to FXGLDefaultMenu
13:09:09.429 [JavaFX Application Thread] DEBUG PrimaryStageWindow   - FXGLDefaultMenu <- PressAnyKeyState
13:09:10.561 [JavaFX Application Thread] DEBUG PrimaryStageWindow   - Push state: PressAnyKeyState
13:09:10.561 [JavaFX Application Thread] DEBUG Input                - Clearing active input actions
13:09:10.561 [JavaFX Application Thread] DEBUG GameApplicationServi - Removing overlay from FXGLDefaultMenu and adding to PressAnyKeyState
13:09:10.561 [JavaFX Application Thread] DEBUG PrimaryStageWindow   - FXGLDefaultMenu -> PressAnyKeyState
13:09:13.429 [JavaFX Application Thread] DEBUG PrimaryStageWindow   - Pop state: PressAnyKeyState
13:09:13.429 [JavaFX Application Thread] DEBUG Input                - Clearing active input actions
13:09:13.430 [JavaFX Application Thread] DEBUG GameApplicationServi - Removing overlay from PressAnyKeyState and adding to FXGLDefaultMenu
13:09:13.430 [JavaFX Application Thread] DEBUG PrimaryStageWindow   - FXGLDefaultMenu <- PressAnyKeyState
13:09:18.976 [JavaFX Application Thread] DEBUG PrimaryStageWindow   - Push state: DialogSubScene
13:09:18.976 [JavaFX Application Thread] DEBUG Input                - Clearing active input actions
13:09:18.976 [JavaFX Application Thread] DEBUG GameApplicationServi - Removing overlay from FXGLDefaultMenu and adding to DialogSubScene
13:09:18.976 [JavaFX Application Thread] DEBUG PrimaryStageWindow   - FXGLDefaultMenu -> DialogSubScene
13:09:20.210 [JavaFX Application Thread] DEBUG PrimaryStageWindow   - Pop state: DialogSubScene
13:09:20.210 [JavaFX Application Thread] DEBUG Input                - Clearing active input actions
13:09:20.210 [JavaFX Application Thread] DEBUG GameApplicationServi - Removing overlay from DialogSubScene and adding to FXGLDefaultMenu
13:09:20.210 [JavaFX Application Thread] DEBUG PrimaryStageWindow   - FXGLDefaultMenu <- DialogSubScene
13:09:20.211 [JavaFX Application Thread] DEBUG Menu                 - restoreDefaultSettings()
13:09:23.814 [JavaFX Application Thread] DEBUG Menu                 - fireExitToMainMenu()
13:09:23.815 [JavaFX Application Thread] DEBUG PrimaryStageWindow   - Push state: DialogSubScene
13:09:23.815 [JavaFX Application Thread] DEBUG Input                - Clearing active input actions
13:09:23.815 [JavaFX Application Thread] DEBUG GameApplicationServi - Removing overlay from FXGLDefaultMenu and adding to DialogSubScene
13:09:23.815 [JavaFX Application Thread] DEBUG PrimaryStageWindow   - FXGLDefaultMenu -> DialogSubScene
13:09:24.681 [JavaFX Application Thread] DEBUG PrimaryStageWindow   - Pop state: DialogSubScene
13:09:24.681 [JavaFX Application Thread] DEBUG Input                - Clearing active input actions
13:09:24.682 [JavaFX Application Thread] DEBUG GameApplicationServi - Removing overlay from DialogSubScene and adding to FXGLDefaultMenu
13:09:24.682 [JavaFX Application Thread] DEBUG PrimaryStageWindow   - FXGLDefaultMenu <- DialogSubScene
13:09:24.682 [JavaFX Application Thread] DEBUG PrimaryStageWindow   - Pop state: FXGLDefaultMenu
13:09:24.682 [JavaFX Application Thread] DEBUG Input                - Clearing active input actions
13:09:24.683 [JavaFX Application Thread] DEBUG GameApplicationServi - Removing overlay from FXGLDefaultMenu and adding to GameScene
13:09:24.683 [JavaFX Application Thread] DEBUG PrimaryStageWindow   - GameScene <- FXGLDefaultMenu
13:09:24.683 [JavaFX Application Thread] DEBUG Input                - Clearing active input actions
13:09:24.696 [JavaFX Application Thread] DEBUG GameApplicationServi - Removing overlay from GameScene and adding to FXGLMainMenuDummyScene
13:09:24.697 [JavaFX Application Thread] DEBUG PrimaryStageWindow   - GameScene -> FXGLMainMenuDummyScene
13:09:24.697 [JavaFX Application Thread] DEBUG PrimaryStageWindow   - Push state: LoginScene
13:09:24.697 [JavaFX Application Thread] DEBUG Input                - Clearing active input actions
13:09:24.702 [JavaFX Application Thread] DEBUG GameApplicationServi - Removing overlay from FXGLMainMenuDummyScene and adding to LoginScene
13:09:24.703 [JavaFX Application Thread] DEBUG PrimaryStageWindow   - FXGLMainMenuDummyScene -> LoginScene
13:09:30.161 [JavaFX Application Thread] DEBUG FXGLApplication      - Exiting FXGL
13:09:30.161 [JavaFX Application Thread] DEBUG LoopRunner           - Stopping loop
13:09:30.161 [JavaFX Application Thread] DEBUG SystemBundleService  - Saving FXGL system data
13:09:30.164 [JavaFX Application Thread] DEBUG FileSystemAccess     - Writing to: /Users/ahnafabidshan/Downloads/Game/system/fxgl.bundle
13:09:30.167 [JavaFX Application Thread] DEBUG Async                - Shutting down background threads
13:09:30.168 [JavaFX Application Thread] DEBUG PrimaryStageWindow   - Closing main window
13:09:30.190 [JavaFX Application Thread] DEBUG Logger               - Closing Logger
