08:22:28.113 [main                     ] DEBUG Logger               - Configured Logger
08:22:28.122 [main                     ] DEBUG GameApplication      - Logging settings
Title: Hot Potato Arena
Version: 0.1.0
Width: 800
Height: 600
Fullscreen: false
Intro: false
Profiling: false
Single step:false
App Mode: DEVELOPER
Menu Key: ESCAPE
Stage Style: DECORATED
Scene Factory: class com.demo.game.GameApp$1

08:22:28.391 [JavaFX Application Thread] DEBUG FXGLApplication      - Initializing FXGL
08:22:28.392 [JavaFX Application Thread] INFO  Engine               - FXGL-21.1 (27.03.2024 07.52) on MAC (J:21.0.7 FX:21.0.7+1)
08:22:28.392 [JavaFX Application Thread] DEBUG Engine               - JRE Vendor Name: BellSoft
08:22:28.392 [JavaFX Application Thread] DEBUG Engine               - Running on OS: Mac OS X version 26.0.1
08:22:28.393 [JavaFX Application Thread] DEBUG Engine               - Architecture: aarch64
08:22:28.393 [JavaFX Application Thread] INFO  Engine               - Source code and latest versions at: https://github.com/AlmasB/FXGL
08:22:28.393 [JavaFX Application Thread] INFO  Engine               -       Ask questions and discuss at: https://github.com/AlmasB/FXGL/discussions
08:22:28.393 [JavaFX Application Thread] INFO  Engine               -              Join the FXGL chat at: https://gitter.im/AlmasB/FXGL
08:22:28.425 [JavaFX Application Thread] DEBUG PrimaryStageWindow   - Creating a JavaFX scene
08:22:28.440 [JavaFX Application Thread] DEBUG PrimaryStageWindow   - Target settings size: 800.0 x 600.0
08:22:28.440 [JavaFX Application Thread] DEBUG PrimaryStageWindow   - Scaled scene size:    800.0 x 600.0
08:22:28.440 [JavaFX Application Thread] DEBUG PrimaryStageWindow   - Scaled ratio: (1.0, 1.0)
08:22:28.440 [JavaFX Application Thread] DEBUG PrimaryStageWindow   - Set initial scene to FXGLStartupScene
08:22:28.441 [JavaFX Application Thread] DEBUG PrimaryStageWindow   - Opening main window
08:22:28.505 [JavaFX Application Thread] DEBUG PrimaryStageWindow   - Window border size: (0.0, 28.0)
08:22:28.506 [JavaFX Application Thread] DEBUG PrimaryStageWindow   - Scaled size: 800.0 x 600.0
08:22:28.506 [JavaFX Application Thread] DEBUG PrimaryStageWindow   - Scaled ratio: (1.0, 1.0)
08:22:28.506 [JavaFX Application Thread] DEBUG PrimaryStageWindow   - Scene size: 800.0 x 600.0
08:22:28.506 [JavaFX Application Thread] DEBUG PrimaryStageWindow   - Stage size: 800.0 x 628.0
08:22:28.510 [FXGL Background Thread 1 ] DEBUG Engine               - Initializing environment variables
08:22:28.557 [FXGL Background Thread 1 ] DEBUG FXGLAssetLoaderServi - User app class for loading assets: class com.demo.game.GameApp
08:22:28.557 [FXGL Background Thread 1 ] DEBUG GameApplicationServi - Applying CSS: fxgl_dark.css
08:22:28.560 [FXGL Background Thread 1 ] DEBUG FXGLAssetLoaderServi - Loading from file system: jar:file:///Users/ahnafabidshan/.m2/repository/com/github/almasb/fxgl/21.1/fxgl-21.1.jar!/fxglassets/ui/css/fxgl_dark.css
08:22:28.595 [FXGL Background Thread 1 ] DEBUG GameApplicationServi - Initializing application scenes
08:22:28.674 [FXGL Background Thread 1 ] DEBUG GameWorld            - Game world initialized
08:22:28.701 [FXGL Background Thread 1 ] DEBUG PhysicsWorld         - Physics world initialized: appHeight=600, physics.ppm=50.0
08:22:28.702 [FXGL Background Thread 1 ] DEBUG PhysicsWorld         - Using strategy: BRUTE_FORCE
08:22:28.703 [FXGL Background Thread 1 ] DEBUG GameScene            - Game scene initialized: 800x600
08:22:28.750 [FXGL Background Thread 1 ] DEBUG FXGL.DefaultMenu     - createMenuBodyGameMenu()
08:22:28.754 [FXGL Background Thread 1 ] DEBUG FXGL.DefaultMenu     - createOptionsMenu()
08:22:28.757 [FXGL Background Thread 1 ] DEBUG FXGLAssetLoaderServi - Loading from file system: jar:file:///Users/ahnafabidshan/.m2/repository/com/github/almasb/fxgl/21.1/fxgl-21.1.jar!/fxglassets/textures/particles/smoke.png
08:22:28.809 [FXGL Background Thread 1 ] DEBUG FXGLAssetLoaderServi - Loading from file system: jar:file:///Users/ahnafabidshan/.m2/repository/com/github/almasb/fxgl/21.1/fxgl-21.1.jar!/fxglassets/textures/particles/trace_horizontal.png
08:22:28.822 [FXGL Background Thread 1 ] DEBUG GameApplicationServi - Application scenes initialized
08:22:28.827 [FXGL Background Thread 1 ] DEBUG SystemBundleService  - Loading FXGL system data
08:22:28.829 [FXGL Background Thread 1 ] DEBUG FileSystemAccess     - Reading from: /Users/ahnafabidshan/Documents/study stuffs/8th semester/AOOP LAB/AOOP PROJECT/Game/system/fxgl.bundle
08:22:28.834 [FXGL Background Thread 1 ] DEBUG SystemBundleService  - Bundle FXGL: {}
08:22:28.835 [FXGL Background Thread 1 ] DEBUG UpdaterService       - Checking for updates
08:22:28.836 [FXGL Background Thread 4 ] DEBUG FXGLApplication      - Loading fonts
08:22:28.836 [FXGL Background Thread 1 ] DEBUG FXGLApplication      - Loading default localization
08:22:28.837 [FXGL Background Thread 4 ] DEBUG FXGLAssetLoaderServi - Loading from file system: jar:file:///Users/ahnafabidshan/.m2/repository/com/github/almasb/fxgl/21.1/fxgl-21.1.jar!/fxglassets/ui/fonts/VarelaRound-Regular.ttf
08:22:28.837 [FXGL Background Thread 1 ] DEBUG FXGLAssetLoaderServi - Loading from file system: jar:file:///Users/ahnafabidshan/.m2/repository/com/github/almasb/fxgl/21.1/fxgl-21.1.jar!/fxglassets/languages/english.lang
08:22:28.847 [FXGL Background Thread 1 ] INFO  FXGLApplication      - FXGL initialization took: 0.338 sec
08:22:28.852 [JavaFX Application Thread] DEBUG Input                - Registered new binding: Move Left - A
08:22:28.852 [JavaFX Application Thread] DEBUG Input                - Registered new binding: Move Right - D
08:22:28.852 [JavaFX Application Thread] DEBUG Input                - Registered new binding: Move Up - W
08:22:28.852 [JavaFX Application Thread] DEBUG Input                - Registered new binding: Move Down - S
08:22:28.852 [JavaFX Application Thread] DEBUG Input                - Registered new binding: Pass Bomb - Space
08:22:28.853 [JavaFX Application Thread] DEBUG FXGLAssetLoaderServi - Loading from file system: jar:file:///Users/ahnafabidshan/.m2/repository/com/github/almasb/fxgl/21.1/fxgl-21.1.jar!/fxglassets/textures/fxgl_icon.png
08:22:28.854 [FXGL Background Thread 4 ] DEBUG FXGLAssetLoaderServi - Loading from file system: jar:file:///Users/ahnafabidshan/.m2/repository/com/github/almasb/fxgl/21.1/fxgl-21.1.jar!/fxglassets/ui/fonts/Abel-Regular.ttf
08:22:28.856 [FXGL Background Thread 4 ] DEBUG FXGLAssetLoaderServi - Loading from file system: jar:file:///Users/ahnafabidshan/.m2/repository/com/github/almasb/fxgl/21.1/fxgl-21.1.jar!/fxglassets/ui/fonts/TerminalLandMono-Regular.otf
08:22:28.859 [FXGL Background Thread 4 ] DEBUG FXGLAssetLoaderServi - Loading from file system: jar:file:///Users/ahnafabidshan/.m2/repository/com/github/almasb/fxgl/21.1/fxgl-21.1.jar!/fxglassets/ui/fonts/Courier-Prime.ttf
08:22:28.872 [JavaFX Application Thread] DEBUG FXGLAssetLoaderServi - Loading from file system: jar:file:///Users/ahnafabidshan/.m2/repository/com/github/almasb/fxgl/21.1/fxgl-21.1.jar!/fxglassets/textures/fxgl_default_cursor.png
08:22:28.873 [JavaFX Application Thread] DEBUG Input                - Registered new binding: Screenshot - CTRL+8
08:22:28.874 [JavaFX Application Thread] DEBUG Input                - Registered new binding: System info dump - CTRL+9
08:22:28.874 [JavaFX Application Thread] DEBUG Input                - Registered new binding: Restart - CTRL+R
08:22:28.874 [JavaFX Application Thread] DEBUG Input                - Registered new binding: Toggle Debug Camera - CTRL+7
08:22:28.875 [JavaFX Application Thread] DEBUG LoopRunner           - Starting loop
08:22:28.875 [JavaFX Application Thread] DEBUG LoopRunner           - Initializing JavaFX AnimationTimerLoop
08:22:28.876 [JavaFX Application Thread] DEBUG Input                - Clearing active input actions
08:22:28.880 [JavaFX Application Thread] DEBUG GameApplicationServi - Removing overlay from FXGLStartupScene and adding to FXGLMainMenuDummyScene
08:22:28.880 [JavaFX Application Thread] DEBUG PrimaryStageWindow   - FXGLStartupScene -> FXGLMainMenuDummyScene
08:22:28.880 [JavaFX Application Thread] DEBUG PrimaryStageWindow   - Push state: LoginScene
08:22:28.881 [JavaFX Application Thread] DEBUG Input                - Clearing active input actions
08:22:28.884 [JavaFX Application Thread] DEBUG GameApplicationServi - Removing overlay from FXGLMainMenuDummyScene and adding to LoginScene
08:22:28.884 [JavaFX Application Thread] DEBUG PrimaryStageWindow   - FXGLMainMenuDummyScene -> LoginScene
08:22:28.887 [JavaFX Application Thread] DEBUG FXGLApplication      - Registering font factories with UI factory
08:22:31.841 [FXGL Background Thread 3 ] DEBUG Engine               - Logging environment variables
08:22:31.842 [FXGL Background Thread 3 ] DEBUG Engine               - achievements: []
08:22:31.842 [FXGL Background Thread 3 ] DEBUG Engine               - actualHeight: 600.0
08:22:31.842 [FXGL Background Thread 3 ] DEBUG Engine               - actualHeightProperty: ReadOnlyDoubleProperty [value: 600.0]
08:22:31.843 [FXGL Background Thread 3 ] DEBUG Engine               - actualWidth: 800.0
08:22:31.843 [FXGL Background Thread 3 ] DEBUG Engine               - actualWidthProperty: ReadOnlyDoubleProperty [value: 800.0]
08:22:31.843 [FXGL Background Thread 3 ] DEBUG Engine               - appIcon: fxgl_icon.png
08:22:31.843 [FXGL Background Thread 3 ] DEBUG Engine               - applicationMode: DEVELOPER
08:22:31.843 [FXGL Background Thread 3 ] DEBUG Engine               - cSSList: [fxgl_dark.css]
08:22:31.843 [FXGL Background Thread 3 ] DEBUG Engine               - collisionDetectionStrategy: BRUTE_FORCE
08:22:31.843 [FXGL Background Thread 3 ] DEBUG Engine               - configClass: Optional.empty
08:22:31.844 [FXGL Background Thread 3 ] DEBUG Engine               - credits: []
08:22:31.844 [FXGL Background Thread 3 ] DEBUG Engine               - defaultCursor: CursorInfo(imageName=fxgl_default_cursor.png, hotspotX=7.0, hotspotY=6.0)
08:22:31.844 [FXGL Background Thread 3 ] DEBUG Engine               - devBBoxColorProperty: ObjectProperty [value: 0xff0000ff]
08:22:31.844 [FXGL Background Thread 3 ] DEBUG Engine               - devEnableDebugCameraProperty: BooleanProperty [value: false]
08:22:31.845 [FXGL Background Thread 3 ] DEBUG Engine               - devSensorColorProperty: ObjectProperty [value: 0xffff00ff]
08:22:31.845 [FXGL Background Thread 3 ] DEBUG Engine               - devShowBBoxProperty: BooleanProperty [value: false]
08:22:31.845 [FXGL Background Thread 3 ] DEBUG Engine               - devShowPositionProperty: BooleanProperty [value: false]
08:22:31.845 [FXGL Background Thread 3 ] DEBUG Engine               - enabledMenuItems: []
08:22:31.845 [FXGL Background Thread 3 ] DEBUG Engine               - engineServices: [class com.almasb.fxgl.app.services.FXGLAssetLoaderService, class com.almasb.fxgl.app.FXGLApplication$GameApplicationService, class com.almasb.fxgl.app.services.FXGLDialogService, class com.almasb.fxgl.app.services.IOTaskExecutorService, class com.almasb.fxgl.io.FileSystemService, class com.almasb.fxgl.localization.LocalizationService, class com.almasb.fxgl.app.services.SystemBundleService, class com.almasb.fxgl.profile.SaveLoadService, class com.almasb.fxgl.ui.FXGLUIFactoryServiceProvider, class com.almasb.fxgl.ui.FXGLDialogFactoryServiceProvider, class com.almasb.fxgl.audio.AudioPlayer, class com.almasb.fxgl.notification.impl.NotificationServiceProvider, class com.almasb.fxgl.achievement.AchievementService, class com.almasb.fxgl.cutscene.CutsceneService, class com.almasb.fxgl.minigames.MiniGameService, class com.almasb.fxgl.net.NetService, class com.almasb.fxgl.app.services.UpdaterService, class com.almasb.fxgl.dev.DevService]
08:22:31.845 [FXGL Background Thread 3 ] DEBUG Engine               - fontGame: Abel-Regular.ttf
08:22:31.845 [FXGL Background Thread 3 ] DEBUG Engine               - fontMono: TerminalLandMono-Regular.otf
08:22:31.845 [FXGL Background Thread 3 ] DEBUG Engine               - fontSizeScaleUI: 1.0
08:22:31.846 [FXGL Background Thread 3 ] DEBUG Engine               - fontText: Courier-Prime.ttf
08:22:31.846 [FXGL Background Thread 3 ] DEBUG Engine               - fontUI: VarelaRound-Regular.ttf
08:22:31.846 [FXGL Background Thread 3 ] DEBUG Engine               - fullScreen: BooleanProperty [value: false]
08:22:31.846 [FXGL Background Thread 3 ] DEBUG Engine               - gameDifficulty: MEDIUM
08:22:31.846 [FXGL Background Thread 3 ] DEBUG Engine               - gameDifficultyProperty: ObjectProperty [value: MEDIUM]
08:22:31.846 [FXGL Background Thread 3 ] DEBUG Engine               - globalMusicVolume: 0.5
08:22:31.846 [FXGL Background Thread 3 ] DEBUG Engine               - globalMusicVolumeProperty: DoubleProperty [value: 0.5]
08:22:31.846 [FXGL Background Thread 3 ] DEBUG Engine               - globalSoundVolume: 0.5
08:22:31.846 [FXGL Background Thread 3 ] DEBUG Engine               - globalSoundVolumeProperty: DoubleProperty [value: 0.5]
08:22:31.847 [FXGL Background Thread 3 ] DEBUG Engine               - height: 600
08:22:31.847 [FXGL Background Thread 3 ] DEBUG Engine               - is3D: false
08:22:31.847 [FXGL Background Thread 3 ] DEBUG Engine               - isAndroid: false
08:22:31.847 [FXGL Background Thread 3 ] DEBUG Engine               - isBrowser: false
08:22:31.847 [FXGL Background Thread 3 ] DEBUG Engine               - isClickFeedbackEnabled: false
08:22:31.847 [FXGL Background Thread 3 ] DEBUG Engine               - isCloseConfirmation: false
08:22:31.847 [FXGL Background Thread 3 ] DEBUG Engine               - isDesktop: true
08:22:31.847 [FXGL Background Thread 3 ] DEBUG Engine               - isDeveloperMenuEnabled: false
08:22:31.847 [FXGL Background Thread 3 ] DEBUG Engine               - isEmbedded: false
08:22:31.847 [FXGL Background Thread 3 ] DEBUG Engine               - isEntityPreloadEnabled: true
08:22:31.847 [FXGL Background Thread 3 ] DEBUG Engine               - isExperimentalTiledLargeMap: false
08:22:31.847 [FXGL Background Thread 3 ] DEBUG Engine               - isFileSystemWriteAllowed: true
08:22:31.848 [FXGL Background Thread 3 ] DEBUG Engine               - isFullScreenAllowed: false
08:22:31.848 [FXGL Background Thread 3 ] DEBUG Engine               - isFullScreenFromStart: false
08:22:31.848 [FXGL Background Thread 3 ] DEBUG Engine               - isGameMenuEnabled: true
08:22:31.848 [FXGL Background Thread 3 ] DEBUG Engine               - isIOS: false
08:22:31.848 [FXGL Background Thread 3 ] DEBUG Engine               - isIntroEnabled: false
08:22:31.848 [FXGL Background Thread 3 ] DEBUG Engine               - isLinux: false
08:22:31.848 [FXGL Background Thread 3 ] DEBUG Engine               - isMac: true
08:22:31.848 [FXGL Background Thread 3 ] DEBUG Engine               - isMainMenuEnabled: true
08:22:31.848 [FXGL Background Thread 3 ] DEBUG Engine               - isManualResizeEnabled: false
08:22:31.848 [FXGL Background Thread 3 ] DEBUG Engine               - isMobile: false
08:22:31.848 [FXGL Background Thread 3 ] DEBUG Engine               - isNative: false
08:22:31.848 [FXGL Background Thread 3 ] DEBUG Engine               - isPauseMusicWhenMinimized: true
08:22:31.848 [FXGL Background Thread 3 ] DEBUG Engine               - isPreserveResizeRatio: false
08:22:31.848 [FXGL Background Thread 3 ] DEBUG Engine               - isProfilingEnabled: false
08:22:31.848 [FXGL Background Thread 3 ] DEBUG Engine               - isScaleAffectedOnResize: true
08:22:31.848 [FXGL Background Thread 3 ] DEBUG Engine               - isSingleStep: false
08:22:31.849 [FXGL Background Thread 3 ] DEBUG Engine               - isUserProfileEnabled: false
08:22:31.849 [FXGL Background Thread 3 ] DEBUG Engine               - isWindows: false
08:22:31.849 [FXGL Background Thread 3 ] DEBUG Engine               - language: ObjectProperty [value: ENGLISH]
08:22:31.849 [FXGL Background Thread 3 ] DEBUG Engine               - menuKey: ESCAPE
08:22:31.849 [FXGL Background Thread 3 ] DEBUG Engine               - mouseSensitivity: 0.2
08:22:31.849 [FXGL Background Thread 3 ] DEBUG Engine               - notificationViewClass: class com.almasb.fxgl.notification.view.XboxNotificationView
08:22:31.849 [FXGL Background Thread 3 ] DEBUG Engine               - pixelsPerMeter: 50.0
08:22:31.849 [FXGL Background Thread 3 ] DEBUG Engine               - platform: MAC
08:22:31.849 [FXGL Background Thread 3 ] DEBUG Engine               - prefHeightProperty: ReadOnlyDoubleProperty [value: 600.0]
08:22:31.849 [FXGL Background Thread 3 ] DEBUG Engine               - prefWidthProperty: ReadOnlyDoubleProperty [value: 800.0]
08:22:31.849 [FXGL Background Thread 3 ] DEBUG Engine               - profileDir: profiles/
08:22:31.850 [FXGL Background Thread 3 ] DEBUG Engine               - profileName: StringProperty [value: DEFAULT]
08:22:31.850 [FXGL Background Thread 3 ] DEBUG Engine               - randomSeed: -1
08:22:31.850 [FXGL Background Thread 3 ] DEBUG Engine               - runtimeInfo: RuntimeInfo(platform=MAC, version=21.1, build=27.03.2024 07.52)
08:22:31.850 [FXGL Background Thread 3 ] DEBUG Engine               - saveFileExt: sav
08:22:31.850 [FXGL Background Thread 3 ] DEBUG Engine               - scaledHeightProp$fxgl: DoubleProperty [bound, value: 600.0]
08:22:31.850 [FXGL Background Thread 3 ] DEBUG Engine               - scaledWidthProp$fxgl: DoubleProperty [bound, value: 800.0]
08:22:31.850 [FXGL Background Thread 3 ] DEBUG Engine               - sceneFactory: com.demo.game.GameApp$1@335d05c8
08:22:31.850 [FXGL Background Thread 3 ] DEBUG Engine               - secondsIn24h: 60
08:22:31.850 [FXGL Background Thread 3 ] DEBUG Engine               - soundMenuBack: menu/back.wav
08:22:31.851 [FXGL Background Thread 3 ] DEBUG Engine               - soundMenuPress: menu/press.wav
08:22:31.851 [FXGL Background Thread 3 ] DEBUG Engine               - soundMenuSelect: menu/select.wav
08:22:31.851 [FXGL Background Thread 3 ] DEBUG Engine               - soundNotification: core/notification.wav
08:22:31.851 [FXGL Background Thread 3 ] DEBUG Engine               - stageStyle: DECORATED
08:22:31.851 [FXGL Background Thread 3 ] DEBUG Engine               - supportedLanguages: [ENGLISH, FRENCH, GERMAN, HUNGARIAN, RUSSIAN]
08:22:31.851 [FXGL Background Thread 3 ] DEBUG Engine               - ticksPerSecond: -1
08:22:31.851 [FXGL Background Thread 3 ] DEBUG Engine               - title: Hot Potato Arena
08:22:31.851 [FXGL Background Thread 3 ] DEBUG Engine               - urlGithub: https://github.com/AlmasB/FXGL
08:22:31.851 [FXGL Background Thread 3 ] DEBUG Engine               - urlLeaderboard: http://fxgl-top.herokuapp.com/
08:22:31.851 [FXGL Background Thread 3 ] DEBUG Engine               - urlPOM: https://raw.githubusercontent.com/AlmasB/FXGL/release/README.md
08:22:31.851 [FXGL Background Thread 3 ] DEBUG Engine               - userAppClass: class com.demo.game.GameApp
08:22:31.851 [FXGL Background Thread 3 ] DEBUG Engine               - version: 0.1.0
08:22:31.851 [FXGL Background Thread 3 ] DEBUG Engine               - versionCheckDays: 7
08:22:31.851 [FXGL Background Thread 3 ] DEBUG Engine               - width: 800
08:22:31.851 [FXGL Background Thread 3 ] DEBUG Engine               - Logging services
08:22:31.851 [FXGL Background Thread 3 ] DEBUG Engine               - class com.almasb.fxgl.app.services.FXGLAssetLoaderService
08:22:31.851 [FXGL Background Thread 3 ] DEBUG Engine               - class com.almasb.fxgl.app.FXGLApplication$GameApplicationService
08:22:31.851 [FXGL Background Thread 3 ] DEBUG Engine               - class com.almasb.fxgl.app.services.FXGLDialogService
08:22:31.852 [FXGL Background Thread 3 ] DEBUG Engine               - class com.almasb.fxgl.app.services.IOTaskExecutorService
08:22:31.852 [FXGL Background Thread 3 ] DEBUG Engine               - class com.almasb.fxgl.io.FileSystemService
08:22:31.852 [FXGL Background Thread 3 ] DEBUG Engine               - class com.almasb.fxgl.localization.LocalizationService
08:22:31.852 [FXGL Background Thread 3 ] DEBUG Engine               - class com.almasb.fxgl.app.services.SystemBundleService
08:22:31.852 [FXGL Background Thread 3 ] DEBUG Engine               - class com.almasb.fxgl.profile.SaveLoadService
08:22:31.852 [FXGL Background Thread 3 ] DEBUG Engine               - class com.almasb.fxgl.ui.FXGLUIFactoryServiceProvider
08:22:31.852 [FXGL Background Thread 3 ] DEBUG Engine               - class com.almasb.fxgl.ui.FXGLDialogFactoryServiceProvider
08:22:31.852 [FXGL Background Thread 3 ] DEBUG Engine               - class com.almasb.fxgl.audio.AudioPlayer
08:22:31.852 [FXGL Background Thread 3 ] DEBUG Engine               - class com.almasb.fxgl.notification.impl.NotificationServiceProvider
08:22:31.852 [FXGL Background Thread 3 ] DEBUG Engine               - class com.almasb.fxgl.achievement.AchievementService
08:22:31.852 [FXGL Background Thread 3 ] DEBUG Engine               - class com.almasb.fxgl.cutscene.CutsceneService
08:22:31.852 [FXGL Background Thread 3 ] DEBUG Engine               - class com.almasb.fxgl.minigames.MiniGameService
08:22:31.852 [FXGL Background Thread 3 ] DEBUG Engine               - class com.almasb.fxgl.net.NetService
08:22:31.853 [FXGL Background Thread 3 ] DEBUG Engine               - class com.almasb.fxgl.app.services.UpdaterService
08:22:31.853 [FXGL Background Thread 3 ] DEBUG Engine               - class com.almasb.fxgl.dev.DevService
08:23:38.835 [JavaFX Application Thread] DEBUG FXGLApplication      - Exiting FXGL
08:23:38.836 [JavaFX Application Thread] DEBUG LoopRunner           - Stopping loop
08:23:38.836 [JavaFX Application Thread] DEBUG SystemBundleService  - Saving FXGL system data
08:23:38.845 [JavaFX Application Thread] DEBUG FileSystemAccess     - Writing to: /Users/ahnafabidshan/Documents/study stuffs/8th semester/AOOP LAB/AOOP PROJECT/Game/system/fxgl.bundle
08:23:38.850 [JavaFX Application Thread] DEBUG Async                - Shutting down background threads
08:23:38.851 [JavaFX Application Thread] DEBUG PrimaryStageWindow   - Closing main window
08:23:38.898 [JavaFX Application Thread] DEBUG Logger               - Closing Logger
