01:08:39.294 [main                     ] DEBUG Logger               - Configured Logger
01:08:39.308 [main                     ] DEBUG GameApplication      - Logging settings
Title: Hot Potato Arena
Version: 0.1.0
Width: 800
Height: 600
Fullscreen: false
Intro: false
Profiling: false
Single step:false
App Mode: DEVELOPER
Menu Key: ESCAPE
Stage Style: DECORATED
Scene Factory: class com.demo.game.GameApp$1

01:08:39.734 [JavaFX Application Thread] DEBUG FXGLApplication      - Initializing FXGL
01:08:39.736 [JavaFX Application Thread] INFO  Engine               - FXGL-21.1 (27.03.2024 07.52) on MAC (J:21.0.7 FX:21.0.7+1)
01:08:39.737 [JavaFX Application Thread] DEBUG Engine               - JRE Vendor Name: BellSoft
01:08:39.737 [JavaFX Application Thread] DEBUG Engine               - Running on OS: Mac OS X version 26.0.1
01:08:39.737 [JavaFX Application Thread] DEBUG Engine               - Architecture: aarch64
01:08:39.737 [JavaFX Application Thread] INFO  Engine               - Source code and latest versions at: https://github.com/AlmasB/FXGL
01:08:39.737 [JavaFX Application Thread] INFO  Engine               -       Ask questions and discuss at: https://github.com/AlmasB/FXGL/discussions
01:08:39.737 [JavaFX Application Thread] INFO  Engine               -              Join the FXGL chat at: https://gitter.im/AlmasB/FXGL
01:08:39.785 [JavaFX Application Thread] DEBUG PrimaryStageWindow   - Creating a JavaFX scene
01:08:39.806 [JavaFX Application Thread] DEBUG PrimaryStageWindow   - Target settings size: 800.0 x 600.0
01:08:39.806 [JavaFX Application Thread] DEBUG PrimaryStageWindow   - Scaled scene size:    800.0 x 600.0
01:08:39.807 [JavaFX Application Thread] DEBUG PrimaryStageWindow   - Scaled ratio: (1.0, 1.0)
01:08:39.807 [JavaFX Application Thread] DEBUG PrimaryStageWindow   - Set initial scene to FXGLStartupScene
01:08:39.808 [JavaFX Application Thread] DEBUG PrimaryStageWindow   - Opening main window
01:08:39.953 [JavaFX Application Thread] DEBUG PrimaryStageWindow   - Window border size: (0.0, 28.0)
01:08:39.953 [JavaFX Application Thread] DEBUG PrimaryStageWindow   - Scaled size: 800.0 x 600.0
01:08:39.953 [JavaFX Application Thread] DEBUG PrimaryStageWindow   - Scaled ratio: (1.0, 1.0)
01:08:39.953 [JavaFX Application Thread] DEBUG PrimaryStageWindow   - Scene size: 800.0 x 600.0
01:08:39.953 [JavaFX Application Thread] DEBUG PrimaryStageWindow   - Stage size: 800.0 x 628.0
01:08:39.959 [FXGL Background Thread 1 ] DEBUG Engine               - Initializing environment variables
01:08:40.029 [FXGL Background Thread 1 ] DEBUG FXGLAssetLoaderServi - User app class for loading assets: class com.demo.game.GameApp
01:08:40.029 [FXGL Background Thread 1 ] DEBUG GameApplicationServi - Applying CSS: fxgl_dark.css
01:08:40.038 [FXGL Background Thread 1 ] DEBUG FXGLAssetLoaderServi - Loading from file system: jar:file:///Users/ahnafabidshan/.m2/repository/com/github/almasb/fxgl/21.1/fxgl-21.1.jar!/fxglassets/ui/css/fxgl_dark.css
01:08:40.086 [FXGL Background Thread 1 ] DEBUG GameApplicationServi - Initializing application scenes
01:08:40.189 [FXGL Background Thread 1 ] DEBUG GameWorld            - Game world initialized
01:08:40.215 [FXGL Background Thread 1 ] DEBUG PhysicsWorld         - Physics world initialized: appHeight=600, physics.ppm=50.0
01:08:40.215 [FXGL Background Thread 1 ] DEBUG PhysicsWorld         - Using strategy: BRUTE_FORCE
01:08:40.218 [FXGL Background Thread 1 ] DEBUG GameScene            - Game scene initialized: 800x600
01:08:40.275 [FXGL Background Thread 1 ] DEBUG FXGL.DefaultMenu     - createMenuBodyGameMenu()
01:08:40.279 [FXGL Background Thread 1 ] DEBUG FXGL.DefaultMenu     - createOptionsMenu()
01:08:40.283 [FXGL Background Thread 1 ] DEBUG FXGLAssetLoaderServi - Loading from file system: jar:file:///Users/ahnafabidshan/.m2/repository/com/github/almasb/fxgl/21.1/fxgl-21.1.jar!/fxglassets/textures/particles/smoke.png
01:08:40.338 [FXGL Background Thread 1 ] DEBUG FXGLAssetLoaderServi - Loading from file system: jar:file:///Users/ahnafabidshan/.m2/repository/com/github/almasb/fxgl/21.1/fxgl-21.1.jar!/fxglassets/textures/particles/trace_horizontal.png
01:08:40.353 [FXGL Background Thread 1 ] DEBUG GameApplicationServi - Application scenes initialized
01:08:40.358 [FXGL Background Thread 1 ] DEBUG SystemBundleService  - Loading FXGL system data
01:08:40.360 [FXGL Background Thread 1 ] DEBUG FileSystemAccess     - Reading from: /Users/ahnafabidshan/Documents/study stuffs/8th semester/AOOP LAB/AOOP PROJECT/Game/system/fxgl.bundle
01:08:40.366 [FXGL Background Thread 1 ] DEBUG SystemBundleService  - Bundle FXGL: {}
01:08:40.366 [FXGL Background Thread 1 ] DEBUG UpdaterService       - Checking for updates
01:08:40.368 [FXGL Background Thread 4 ] DEBUG FXGLApplication      - Loading fonts
01:08:40.368 [FXGL Background Thread 4 ] DEBUG FXGLAssetLoaderServi - Loading from file system: jar:file:///Users/ahnafabidshan/.m2/repository/com/github/almasb/fxgl/21.1/fxgl-21.1.jar!/fxglassets/ui/fonts/VarelaRound-Regular.ttf
01:08:40.368 [FXGL Background Thread 1 ] DEBUG FXGLApplication      - Loading default localization
01:08:40.368 [FXGL Background Thread 1 ] DEBUG FXGLAssetLoaderServi - Loading from file system: jar:file:///Users/ahnafabidshan/.m2/repository/com/github/almasb/fxgl/21.1/fxgl-21.1.jar!/fxglassets/languages/english.lang
01:08:40.376 [FXGL Background Thread 1 ] INFO  FXGLApplication      - FXGL initialization took: 0.417 sec
01:08:40.380 [FXGL Background Thread 4 ] DEBUG FXGLAssetLoaderServi - Loading from file system: jar:file:///Users/ahnafabidshan/.m2/repository/com/github/almasb/fxgl/21.1/fxgl-21.1.jar!/fxglassets/ui/fonts/Abel-Regular.ttf
01:08:40.380 [JavaFX Application Thread] DEBUG Input                - Registered new binding: Move Left - A
01:08:40.380 [JavaFX Application Thread] DEBUG Input                - Registered new binding: Move Right - D
01:08:40.381 [JavaFX Application Thread] DEBUG Input                - Registered new binding: Move Up - W
01:08:40.381 [JavaFX Application Thread] DEBUG Input                - Registered new binding: Move Down - S
01:08:40.381 [JavaFX Application Thread] DEBUG Input                - Registered new binding: Pass Bomb - Space
01:08:40.381 [JavaFX Application Thread] DEBUG FXGLAssetLoaderServi - Loading from file system: jar:file:///Users/ahnafabidshan/.m2/repository/com/github/almasb/fxgl/21.1/fxgl-21.1.jar!/fxglassets/textures/fxgl_icon.png
01:08:40.383 [FXGL Background Thread 4 ] DEBUG FXGLAssetLoaderServi - Loading from file system: jar:file:///Users/ahnafabidshan/.m2/repository/com/github/almasb/fxgl/21.1/fxgl-21.1.jar!/fxglassets/ui/fonts/TerminalLandMono-Regular.otf
01:08:40.387 [FXGL Background Thread 4 ] DEBUG FXGLAssetLoaderServi - Loading from file system: jar:file:///Users/ahnafabidshan/.m2/repository/com/github/almasb/fxgl/21.1/fxgl-21.1.jar!/fxglassets/ui/fonts/Courier-Prime.ttf
01:08:40.402 [JavaFX Application Thread] DEBUG FXGLAssetLoaderServi - Loading from file system: jar:file:///Users/ahnafabidshan/.m2/repository/com/github/almasb/fxgl/21.1/fxgl-21.1.jar!/fxglassets/textures/fxgl_default_cursor.png
01:08:40.403 [JavaFX Application Thread] DEBUG Input                - Registered new binding: Screenshot - CTRL+8
01:08:40.403 [JavaFX Application Thread] DEBUG Input                - Registered new binding: System info dump - CTRL+9
01:08:40.403 [JavaFX Application Thread] DEBUG Input                - Registered new binding: Restart - CTRL+R
01:08:40.403 [JavaFX Application Thread] DEBUG Input                - Registered new binding: Toggle Debug Camera - CTRL+7
01:08:40.404 [JavaFX Application Thread] DEBUG LoopRunner           - Starting loop
01:08:40.404 [JavaFX Application Thread] DEBUG LoopRunner           - Initializing JavaFX AnimationTimerLoop
01:08:40.405 [JavaFX Application Thread] DEBUG Input                - Clearing active input actions
01:08:40.408 [JavaFX Application Thread] DEBUG GameApplicationServi - Removing overlay from FXGLStartupScene and adding to FXGLMainMenuDummyScene
01:08:40.408 [JavaFX Application Thread] DEBUG PrimaryStageWindow   - FXGLStartupScene -> FXGLMainMenuDummyScene
01:08:40.408 [JavaFX Application Thread] DEBUG PrimaryStageWindow   - Push state: LoginScene
01:08:40.409 [JavaFX Application Thread] DEBUG Input                - Clearing active input actions
01:08:40.412 [JavaFX Application Thread] DEBUG GameApplicationServi - Removing overlay from FXGLMainMenuDummyScene and adding to LoginScene
01:08:40.412 [JavaFX Application Thread] DEBUG PrimaryStageWindow   - FXGLMainMenuDummyScene -> LoginScene
01:08:40.435 [JavaFX Application Thread] DEBUG FXGLApplication      - Registering font factories with UI factory
01:08:43.372 [FXGL Background Thread 3 ] DEBUG Engine               - Logging environment variables
01:08:43.373 [FXGL Background Thread 3 ] DEBUG Engine               - achievements: []
01:08:43.373 [FXGL Background Thread 3 ] DEBUG Engine               - actualHeight: 600.0
01:08:43.373 [FXGL Background Thread 3 ] DEBUG Engine               - actualHeightProperty: ReadOnlyDoubleProperty [value: 600.0]
01:08:43.373 [FXGL Background Thread 3 ] DEBUG Engine               - actualWidth: 800.0
01:08:43.373 [FXGL Background Thread 3 ] DEBUG Engine               - actualWidthProperty: ReadOnlyDoubleProperty [value: 800.0]
01:08:43.373 [FXGL Background Thread 3 ] DEBUG Engine               - appIcon: fxgl_icon.png
01:08:43.373 [FXGL Background Thread 3 ] DEBUG Engine               - applicationMode: DEVELOPER
01:08:43.373 [FXGL Background Thread 3 ] DEBUG Engine               - cSSList: [fxgl_dark.css]
01:08:43.374 [FXGL Background Thread 3 ] DEBUG Engine               - collisionDetectionStrategy: BRUTE_FORCE
01:08:43.374 [FXGL Background Thread 3 ] DEBUG Engine               - configClass: Optional.empty
01:08:43.374 [FXGL Background Thread 3 ] DEBUG Engine               - credits: []
01:08:43.375 [FXGL Background Thread 3 ] DEBUG Engine               - defaultCursor: CursorInfo(imageName=fxgl_default_cursor.png, hotspotX=7.0, hotspotY=6.0)
01:08:43.375 [FXGL Background Thread 3 ] DEBUG Engine               - devBBoxColorProperty: ObjectProperty [value: 0xff0000ff]
01:08:43.375 [FXGL Background Thread 3 ] DEBUG Engine               - devEnableDebugCameraProperty: BooleanProperty [value: false]
01:08:43.375 [FXGL Background Thread 3 ] DEBUG Engine               - devSensorColorProperty: ObjectProperty [value: 0xffff00ff]
01:08:43.375 [FXGL Background Thread 3 ] DEBUG Engine               - devShowBBoxProperty: BooleanProperty [value: false]
01:08:43.375 [FXGL Background Thread 3 ] DEBUG Engine               - devShowPositionProperty: BooleanProperty [value: false]
01:08:43.375 [FXGL Background Thread 3 ] DEBUG Engine               - enabledMenuItems: []
01:08:43.375 [FXGL Background Thread 3 ] DEBUG Engine               - engineServices: [class com.almasb.fxgl.app.services.FXGLAssetLoaderService, class com.almasb.fxgl.app.FXGLApplication$GameApplicationService, class com.almasb.fxgl.app.services.FXGLDialogService, class com.almasb.fxgl.app.services.IOTaskExecutorService, class com.almasb.fxgl.io.FileSystemService, class com.almasb.fxgl.localization.LocalizationService, class com.almasb.fxgl.app.services.SystemBundleService, class com.almasb.fxgl.profile.SaveLoadService, class com.almasb.fxgl.ui.FXGLUIFactoryServiceProvider, class com.almasb.fxgl.ui.FXGLDialogFactoryServiceProvider, class com.almasb.fxgl.audio.AudioPlayer, class com.almasb.fxgl.notification.impl.NotificationServiceProvider, class com.almasb.fxgl.achievement.AchievementService, class com.almasb.fxgl.cutscene.CutsceneService, class com.almasb.fxgl.minigames.MiniGameService, class com.almasb.fxgl.net.NetService, class com.almasb.fxgl.app.services.UpdaterService, class com.almasb.fxgl.dev.DevService]
01:08:43.375 [FXGL Background Thread 3 ] DEBUG Engine               - fontGame: Abel-Regular.ttf
01:08:43.375 [FXGL Background Thread 3 ] DEBUG Engine               - fontMono: TerminalLandMono-Regular.otf
01:08:43.376 [FXGL Background Thread 3 ] DEBUG Engine               - fontSizeScaleUI: 1.0
01:08:43.376 [FXGL Background Thread 3 ] DEBUG Engine               - fontText: Courier-Prime.ttf
01:08:43.376 [FXGL Background Thread 3 ] DEBUG Engine               - fontUI: VarelaRound-Regular.ttf
01:08:43.376 [FXGL Background Thread 3 ] DEBUG Engine               - fullScreen: BooleanProperty [value: false]
01:08:43.376 [FXGL Background Thread 3 ] DEBUG Engine               - gameDifficulty: MEDIUM
01:08:43.376 [FXGL Background Thread 3 ] DEBUG Engine               - gameDifficultyProperty: ObjectProperty [value: MEDIUM]
01:08:43.376 [FXGL Background Thread 3 ] DEBUG Engine               - globalMusicVolume: 0.5
01:08:43.376 [FXGL Background Thread 3 ] DEBUG Engine               - globalMusicVolumeProperty: DoubleProperty [value: 0.5]
01:08:43.376 [FXGL Background Thread 3 ] DEBUG Engine               - globalSoundVolume: 0.5
01:08:43.376 [FXGL Background Thread 3 ] DEBUG Engine               - globalSoundVolumeProperty: DoubleProperty [value: 0.5]
01:08:43.376 [FXGL Background Thread 3 ] DEBUG Engine               - height: 600
01:08:43.376 [FXGL Background Thread 3 ] DEBUG Engine               - is3D: false
01:08:43.376 [FXGL Background Thread 3 ] DEBUG Engine               - isAndroid: false
01:08:43.377 [FXGL Background Thread 3 ] DEBUG Engine               - isBrowser: false
01:08:43.377 [FXGL Background Thread 3 ] DEBUG Engine               - isClickFeedbackEnabled: false
01:08:43.377 [FXGL Background Thread 3 ] DEBUG Engine               - isCloseConfirmation: false
01:08:43.377 [FXGL Background Thread 3 ] DEBUG Engine               - isDesktop: true
01:08:43.377 [FXGL Background Thread 3 ] DEBUG Engine               - isDeveloperMenuEnabled: false
01:08:43.378 [FXGL Background Thread 3 ] DEBUG Engine               - isEmbedded: false
01:08:43.378 [FXGL Background Thread 3 ] DEBUG Engine               - isEntityPreloadEnabled: true
01:08:43.378 [FXGL Background Thread 3 ] DEBUG Engine               - isExperimentalTiledLargeMap: false
01:08:43.378 [FXGL Background Thread 3 ] DEBUG Engine               - isFileSystemWriteAllowed: true
01:08:43.378 [FXGL Background Thread 3 ] DEBUG Engine               - isFullScreenAllowed: false
01:08:43.378 [FXGL Background Thread 3 ] DEBUG Engine               - isFullScreenFromStart: false
01:08:43.378 [FXGL Background Thread 3 ] DEBUG Engine               - isGameMenuEnabled: true
01:08:43.378 [FXGL Background Thread 3 ] DEBUG Engine               - isIOS: false
01:08:43.378 [FXGL Background Thread 3 ] DEBUG Engine               - isIntroEnabled: false
01:08:43.378 [FXGL Background Thread 3 ] DEBUG Engine               - isLinux: false
01:08:43.379 [FXGL Background Thread 3 ] DEBUG Engine               - isMac: true
01:08:43.379 [FXGL Background Thread 3 ] DEBUG Engine               - isMainMenuEnabled: true
01:08:43.379 [FXGL Background Thread 3 ] DEBUG Engine               - isManualResizeEnabled: true
01:08:43.379 [FXGL Background Thread 3 ] DEBUG Engine               - isMobile: false
01:08:43.379 [FXGL Background Thread 3 ] DEBUG Engine               - isNative: false
01:08:43.379 [FXGL Background Thread 3 ] DEBUG Engine               - isPauseMusicWhenMinimized: true
01:08:43.379 [FXGL Background Thread 3 ] DEBUG Engine               - isPreserveResizeRatio: true
01:08:43.379 [FXGL Background Thread 3 ] DEBUG Engine               - isProfilingEnabled: false
01:08:43.379 [FXGL Background Thread 3 ] DEBUG Engine               - isScaleAffectedOnResize: true
01:08:43.379 [FXGL Background Thread 3 ] DEBUG Engine               - isSingleStep: false
01:08:43.379 [FXGL Background Thread 3 ] DEBUG Engine               - isUserProfileEnabled: false
01:08:43.379 [FXGL Background Thread 3 ] DEBUG Engine               - isWindows: false
01:08:43.379 [FXGL Background Thread 3 ] DEBUG Engine               - language: ObjectProperty [value: ENGLISH]
01:08:43.379 [FXGL Background Thread 3 ] DEBUG Engine               - menuKey: ESCAPE
01:08:43.380 [FXGL Background Thread 3 ] DEBUG Engine               - mouseSensitivity: 0.2
01:08:43.380 [FXGL Background Thread 3 ] DEBUG Engine               - notificationViewClass: class com.almasb.fxgl.notification.view.XboxNotificationView
01:08:43.380 [FXGL Background Thread 3 ] DEBUG Engine               - pixelsPerMeter: 50.0
01:08:43.380 [FXGL Background Thread 3 ] DEBUG Engine               - platform: MAC
01:08:43.380 [FXGL Background Thread 3 ] DEBUG Engine               - prefHeightProperty: ReadOnlyDoubleProperty [value: 600.0]
01:08:43.380 [FXGL Background Thread 3 ] DEBUG Engine               - prefWidthProperty: ReadOnlyDoubleProperty [value: 800.0]
01:08:43.380 [FXGL Background Thread 3 ] DEBUG Engine               - profileDir: profiles/
01:08:43.380 [FXGL Background Thread 3 ] DEBUG Engine               - profileName: StringProperty [value: DEFAULT]
01:08:43.380 [FXGL Background Thread 3 ] DEBUG Engine               - randomSeed: -1
01:08:43.380 [FXGL Background Thread 3 ] DEBUG Engine               - runtimeInfo: RuntimeInfo(platform=MAC, version=21.1, build=27.03.2024 07.52)
01:08:43.380 [FXGL Background Thread 3 ] DEBUG Engine               - saveFileExt: sav
01:08:43.380 [FXGL Background Thread 3 ] DEBUG Engine               - scaledHeightProp$fxgl: DoubleProperty [bound, value: 600.0]
01:08:43.380 [FXGL Background Thread 3 ] DEBUG Engine               - scaledWidthProp$fxgl: DoubleProperty [bound, value: 800.0]
01:08:43.380 [FXGL Background Thread 3 ] DEBUG Engine               - sceneFactory: com.demo.game.GameApp$1@5a9c081
01:08:43.380 [FXGL Background Thread 3 ] DEBUG Engine               - secondsIn24h: 60
01:08:43.380 [FXGL Background Thread 3 ] DEBUG Engine               - soundMenuBack: menu/back.wav
01:08:43.380 [FXGL Background Thread 3 ] DEBUG Engine               - soundMenuPress: menu/press.wav
01:08:43.380 [FXGL Background Thread 3 ] DEBUG Engine               - soundMenuSelect: menu/select.wav
01:08:43.380 [FXGL Background Thread 3 ] DEBUG Engine               - soundNotification: core/notification.wav
01:08:43.380 [FXGL Background Thread 3 ] DEBUG Engine               - stageStyle: DECORATED
01:08:43.381 [FXGL Background Thread 3 ] DEBUG Engine               - supportedLanguages: [ENGLISH, FRENCH, GERMAN, HUNGARIAN, RUSSIAN]
01:08:43.381 [FXGL Background Thread 3 ] DEBUG Engine               - ticksPerSecond: -1
01:08:43.381 [FXGL Background Thread 3 ] DEBUG Engine               - title: Hot Potato Arena
01:08:43.381 [FXGL Background Thread 3 ] DEBUG Engine               - urlGithub: https://github.com/AlmasB/FXGL
01:08:43.381 [FXGL Background Thread 3 ] DEBUG Engine               - urlLeaderboard: http://fxgl-top.herokuapp.com/
01:08:43.381 [FXGL Background Thread 3 ] DEBUG Engine               - urlPOM: https://raw.githubusercontent.com/AlmasB/FXGL/release/README.md
01:08:43.381 [FXGL Background Thread 3 ] DEBUG Engine               - userAppClass: class com.demo.game.GameApp
01:08:43.381 [FXGL Background Thread 3 ] DEBUG Engine               - version: 0.1.0
01:08:43.381 [FXGL Background Thread 3 ] DEBUG Engine               - versionCheckDays: 7
01:08:43.381 [FXGL Background Thread 3 ] DEBUG Engine               - width: 800
01:08:43.381 [FXGL Background Thread 3 ] DEBUG Engine               - Logging services
01:08:43.381 [FXGL Background Thread 3 ] DEBUG Engine               - class com.almasb.fxgl.app.services.FXGLAssetLoaderService
01:08:43.381 [FXGL Background Thread 3 ] DEBUG Engine               - class com.almasb.fxgl.app.FXGLApplication$GameApplicationService
01:08:43.381 [FXGL Background Thread 3 ] DEBUG Engine               - class com.almasb.fxgl.app.services.FXGLDialogService
01:08:43.381 [FXGL Background Thread 3 ] DEBUG Engine               - class com.almasb.fxgl.app.services.IOTaskExecutorService
01:08:43.381 [FXGL Background Thread 3 ] DEBUG Engine               - class com.almasb.fxgl.io.FileSystemService
01:08:43.381 [FXGL Background Thread 3 ] DEBUG Engine               - class com.almasb.fxgl.localization.LocalizationService
01:08:43.381 [FXGL Background Thread 3 ] DEBUG Engine               - class com.almasb.fxgl.app.services.SystemBundleService
01:08:43.381 [FXGL Background Thread 3 ] DEBUG Engine               - class com.almasb.fxgl.profile.SaveLoadService
01:08:43.381 [FXGL Background Thread 3 ] DEBUG Engine               - class com.almasb.fxgl.ui.FXGLUIFactoryServiceProvider
01:08:43.381 [FXGL Background Thread 3 ] DEBUG Engine               - class com.almasb.fxgl.ui.FXGLDialogFactoryServiceProvider
01:08:43.381 [FXGL Background Thread 3 ] DEBUG Engine               - class com.almasb.fxgl.audio.AudioPlayer
01:08:43.381 [FXGL Background Thread 3 ] DEBUG Engine               - class com.almasb.fxgl.notification.impl.NotificationServiceProvider
01:08:43.381 [FXGL Background Thread 3 ] DEBUG Engine               - class com.almasb.fxgl.achievement.AchievementService
01:08:43.381 [FXGL Background Thread 3 ] DEBUG Engine               - class com.almasb.fxgl.cutscene.CutsceneService
01:08:43.381 [FXGL Background Thread 3 ] DEBUG Engine               - class com.almasb.fxgl.minigames.MiniGameService
01:08:43.381 [FXGL Background Thread 3 ] DEBUG Engine               - class com.almasb.fxgl.net.NetService
01:08:43.381 [FXGL Background Thread 3 ] DEBUG Engine               - class com.almasb.fxgl.app.services.UpdaterService
01:08:43.381 [FXGL Background Thread 3 ] DEBUG Engine               - class com.almasb.fxgl.dev.DevService
01:09:25.590 [JavaFX Application Thread] DEBUG FXGLApplication      - Exiting FXGL
01:09:25.591 [JavaFX Application Thread] DEBUG LoopRunner           - Stopping loop
01:09:25.591 [JavaFX Application Thread] DEBUG SystemBundleService  - Saving FXGL system data
01:09:25.594 [JavaFX Application Thread] DEBUG FileSystemAccess     - Writing to: /Users/ahnafabidshan/Documents/study stuffs/8th semester/AOOP LAB/AOOP PROJECT/Game/system/fxgl.bundle
01:09:25.595 [JavaFX Application Thread] DEBUG Async                - Shutting down background threads
01:09:25.595 [JavaFX Application Thread] DEBUG PrimaryStageWindow   - Closing main window
01:09:25.606 [JavaFX Application Thread] DEBUG Logger               - Closing Logger
