05:05:40.404 [main                     ] DEBUG Logger               - Configured Logger
05:05:40.411 [main                     ] DEBUG GameApplication      - Logging settings
Title: Hot Potato Arena
Version: 0.1.0
Width: 800
Height: 600
Fullscreen: false
Intro: false
Profiling: false
Single step:false
App Mode: DEVELOPER
Menu Key: ESCAPE
Stage Style: DECORATED
Scene Factory: class com.demo.game.GameApp$1

05:05:40.590 [JavaFX Application Thread] DEBUG FXGLApplication      - Initializing FXGL
05:05:40.592 [JavaFX Application Thread] INFO  Engine               - FXGL-21.1 (27.03.2024 07.52) on MAC (J:21.0.7 FX:21.0.7+1)
05:05:40.592 [JavaFX Application Thread] DEBUG Engine               - JRE Vendor Name: BellSoft
05:05:40.592 [JavaFX Application Thread] DEBUG Engine               - Running on OS: Mac OS X version 26.0.1
05:05:40.592 [JavaFX Application Thread] DEBUG Engine               - Architecture: aarch64
05:05:40.592 [JavaFX Application Thread] INFO  Engine               - Source code and latest versions at: https://github.com/AlmasB/FXGL
05:05:40.592 [JavaFX Application Thread] INFO  Engine               -       Ask questions and discuss at: https://github.com/AlmasB/FXGL/discussions
05:05:40.592 [JavaFX Application Thread] INFO  Engine               -              Join the FXGL chat at: https://gitter.im/AlmasB/FXGL
05:05:40.626 [JavaFX Application Thread] DEBUG PrimaryStageWindow   - Creating a JavaFX scene
05:05:40.641 [JavaFX Application Thread] DEBUG PrimaryStageWindow   - Target settings size: 800.0 x 600.0
05:05:40.641 [JavaFX Application Thread] DEBUG PrimaryStageWindow   - Scaled scene size:    800.0 x 600.0
05:05:40.641 [JavaFX Application Thread] DEBUG PrimaryStageWindow   - Scaled ratio: (1.0, 1.0)
05:05:40.642 [JavaFX Application Thread] DEBUG PrimaryStageWindow   - Set initial scene to FXGLStartupScene
05:05:40.643 [JavaFX Application Thread] DEBUG PrimaryStageWindow   - Opening main window
05:05:40.705 [JavaFX Application Thread] DEBUG PrimaryStageWindow   - Window border size: (0.0, 28.0)
05:05:40.705 [JavaFX Application Thread] DEBUG PrimaryStageWindow   - Scaled size: 800.0 x 600.0
05:05:40.705 [JavaFX Application Thread] DEBUG PrimaryStageWindow   - Scaled ratio: (1.0, 1.0)
05:05:40.705 [JavaFX Application Thread] DEBUG PrimaryStageWindow   - Scene size: 800.0 x 600.0
05:05:40.705 [JavaFX Application Thread] DEBUG PrimaryStageWindow   - Stage size: 800.0 x 628.0
05:05:40.709 [FXGL Background Thread 1 ] DEBUG Engine               - Initializing environment variables
05:05:40.744 [FXGL Background Thread 1 ] DEBUG FXGLAssetLoaderServi - User app class for loading assets: class com.demo.game.GameApp
05:05:40.744 [FXGL Background Thread 1 ] DEBUG GameApplicationServi - Applying CSS: fxgl_dark.css
05:05:40.745 [FXGL Background Thread 1 ] DEBUG FXGLAssetLoaderServi - Loading from file system: jar:file:///Users/ahnafabidshan/.m2/repository/com/github/almasb/fxgl/21.1/fxgl-21.1.jar!/fxglassets/ui/css/fxgl_dark.css
05:05:40.785 [FXGL Background Thread 1 ] DEBUG GameApplicationServi - Initializing application scenes
05:05:40.866 [FXGL Background Thread 1 ] DEBUG GameWorld            - Game world initialized
05:05:40.892 [FXGL Background Thread 1 ] DEBUG PhysicsWorld         - Physics world initialized: appHeight=600, physics.ppm=50.0
05:05:40.892 [FXGL Background Thread 1 ] DEBUG PhysicsWorld         - Using strategy: BRUTE_FORCE
05:05:40.894 [FXGL Background Thread 1 ] DEBUG GameScene            - Game scene initialized: 800x600
05:05:40.951 [FXGL Background Thread 1 ] DEBUG FXGL.DefaultMenu     - createMenuBodyGameMenu()
05:05:40.954 [FXGL Background Thread 1 ] DEBUG FXGL.DefaultMenu     - createOptionsMenu()
05:05:40.958 [FXGL Background Thread 1 ] DEBUG FXGLAssetLoaderServi - Loading from file system: jar:file:///Users/ahnafabidshan/.m2/repository/com/github/almasb/fxgl/21.1/fxgl-21.1.jar!/fxglassets/textures/particles/smoke.png
05:05:41.005 [FXGL Background Thread 1 ] DEBUG FXGLAssetLoaderServi - Loading from file system: jar:file:///Users/ahnafabidshan/.m2/repository/com/github/almasb/fxgl/21.1/fxgl-21.1.jar!/fxglassets/textures/particles/trace_horizontal.png
05:05:41.018 [FXGL Background Thread 1 ] DEBUG GameApplicationServi - Application scenes initialized
05:05:41.022 [FXGL Background Thread 1 ] DEBUG SystemBundleService  - Loading FXGL system data
05:05:41.023 [FXGL Background Thread 1 ] DEBUG FileSystemAccess     - Reading from: /Users/ahnafabidshan/Documents/study stuffs/8th semester/AOOP LAB/AOOP PROJECT/Game/system/fxgl.bundle
05:05:41.028 [FXGL Background Thread 1 ] DEBUG SystemBundleService  - Bundle FXGL: {}
05:05:41.028 [FXGL Background Thread 1 ] DEBUG UpdaterService       - Checking for updates
05:05:41.030 [FXGL Background Thread 4 ] DEBUG FXGLApplication      - Loading fonts
05:05:41.030 [FXGL Background Thread 4 ] DEBUG FXGLAssetLoaderServi - Loading from file system: jar:file:///Users/ahnafabidshan/.m2/repository/com/github/almasb/fxgl/21.1/fxgl-21.1.jar!/fxglassets/ui/fonts/VarelaRound-Regular.ttf
05:05:41.030 [FXGL Background Thread 1 ] DEBUG FXGLApplication      - Loading default localization
05:05:41.030 [FXGL Background Thread 1 ] DEBUG FXGLAssetLoaderServi - Loading from file system: jar:file:///Users/ahnafabidshan/.m2/repository/com/github/almasb/fxgl/21.1/fxgl-21.1.jar!/fxglassets/languages/english.lang
05:05:41.038 [FXGL Background Thread 1 ] INFO  FXGLApplication      - FXGL initialization took: 0.329 sec
05:05:41.040 [FXGL Background Thread 4 ] DEBUG FXGLAssetLoaderServi - Loading from file system: jar:file:///Users/ahnafabidshan/.m2/repository/com/github/almasb/fxgl/21.1/fxgl-21.1.jar!/fxglassets/ui/fonts/Abel-Regular.ttf
05:05:41.041 [FXGL Background Thread 4 ] DEBUG FXGLAssetLoaderServi - Loading from file system: jar:file:///Users/ahnafabidshan/.m2/repository/com/github/almasb/fxgl/21.1/fxgl-21.1.jar!/fxglassets/ui/fonts/TerminalLandMono-Regular.otf
05:05:41.042 [JavaFX Application Thread] DEBUG Input                - Registered new binding: Move Left - A
05:05:41.042 [JavaFX Application Thread] DEBUG Input                - Registered new binding: Move Right - D
05:05:41.042 [JavaFX Application Thread] DEBUG Input                - Registered new binding: Move Up - W
05:05:41.042 [JavaFX Application Thread] DEBUG Input                - Registered new binding: Move Down - S
05:05:41.042 [JavaFX Application Thread] DEBUG Input                - Registered new binding: Pass Bomb - Space
05:05:41.042 [JavaFX Application Thread] DEBUG FXGLAssetLoaderServi - Loading from file system: jar:file:///Users/ahnafabidshan/.m2/repository/com/github/almasb/fxgl/21.1/fxgl-21.1.jar!/fxglassets/textures/fxgl_icon.png
05:05:41.043 [FXGL Background Thread 4 ] DEBUG FXGLAssetLoaderServi - Loading from file system: jar:file:///Users/ahnafabidshan/.m2/repository/com/github/almasb/fxgl/21.1/fxgl-21.1.jar!/fxglassets/ui/fonts/Courier-Prime.ttf
05:05:41.060 [JavaFX Application Thread] DEBUG FXGLAssetLoaderServi - Loading from file system: jar:file:///Users/ahnafabidshan/.m2/repository/com/github/almasb/fxgl/21.1/fxgl-21.1.jar!/fxglassets/textures/fxgl_default_cursor.png
05:05:41.061 [JavaFX Application Thread] DEBUG Input                - Registered new binding: Screenshot - CTRL+8
05:05:41.061 [JavaFX Application Thread] DEBUG Input                - Registered new binding: System info dump - CTRL+9
05:05:41.061 [JavaFX Application Thread] DEBUG Input                - Registered new binding: Restart - CTRL+R
05:05:41.061 [JavaFX Application Thread] DEBUG Input                - Registered new binding: Toggle Debug Camera - CTRL+7
05:05:41.062 [JavaFX Application Thread] DEBUG LoopRunner           - Starting loop
05:05:41.062 [JavaFX Application Thread] DEBUG LoopRunner           - Initializing JavaFX AnimationTimerLoop
05:05:41.063 [JavaFX Application Thread] DEBUG Input                - Clearing active input actions
05:05:41.066 [JavaFX Application Thread] DEBUG GameApplicationServi - Removing overlay from FXGLStartupScene and adding to FXGLMainMenuDummyScene
05:05:41.066 [JavaFX Application Thread] DEBUG PrimaryStageWindow   - FXGLStartupScene -> FXGLMainMenuDummyScene
05:05:41.067 [JavaFX Application Thread] DEBUG PrimaryStageWindow   - Push state: LoginScene
05:05:41.067 [JavaFX Application Thread] DEBUG Input                - Clearing active input actions
05:05:41.069 [JavaFX Application Thread] DEBUG GameApplicationServi - Removing overlay from FXGLMainMenuDummyScene and adding to LoginScene
05:05:41.070 [JavaFX Application Thread] DEBUG PrimaryStageWindow   - FXGLMainMenuDummyScene -> LoginScene
05:05:41.072 [JavaFX Application Thread] DEBUG FXGLApplication      - Registering font factories with UI factory
05:05:44.030 [FXGL Background Thread 3 ] DEBUG Engine               - Logging environment variables
05:05:44.031 [FXGL Background Thread 3 ] DEBUG Engine               - achievements: []
05:05:44.031 [FXGL Background Thread 3 ] DEBUG Engine               - actualHeight: 600.0
05:05:44.031 [FXGL Background Thread 3 ] DEBUG Engine               - actualHeightProperty: ReadOnlyDoubleProperty [value: 600.0]
05:05:44.031 [FXGL Background Thread 3 ] DEBUG Engine               - actualWidth: 800.0
05:05:44.032 [FXGL Background Thread 3 ] DEBUG Engine               - actualWidthProperty: ReadOnlyDoubleProperty [value: 800.0]
05:05:44.032 [FXGL Background Thread 3 ] DEBUG Engine               - appIcon: fxgl_icon.png
05:05:44.032 [FXGL Background Thread 3 ] DEBUG Engine               - applicationMode: DEVELOPER
05:05:44.032 [FXGL Background Thread 3 ] DEBUG Engine               - cSSList: [fxgl_dark.css]
05:05:44.032 [FXGL Background Thread 3 ] DEBUG Engine               - collisionDetectionStrategy: BRUTE_FORCE
05:05:44.032 [FXGL Background Thread 3 ] DEBUG Engine               - configClass: Optional.empty
05:05:44.032 [FXGL Background Thread 3 ] DEBUG Engine               - credits: []
05:05:44.033 [FXGL Background Thread 3 ] DEBUG Engine               - defaultCursor: CursorInfo(imageName=fxgl_default_cursor.png, hotspotX=7.0, hotspotY=6.0)
05:05:44.033 [FXGL Background Thread 3 ] DEBUG Engine               - devBBoxColorProperty: ObjectProperty [value: 0xff0000ff]
05:05:44.033 [FXGL Background Thread 3 ] DEBUG Engine               - devEnableDebugCameraProperty: BooleanProperty [value: false]
05:05:44.033 [FXGL Background Thread 3 ] DEBUG Engine               - devSensorColorProperty: ObjectProperty [value: 0xffff00ff]
05:05:44.033 [FXGL Background Thread 3 ] DEBUG Engine               - devShowBBoxProperty: BooleanProperty [value: false]
05:05:44.033 [FXGL Background Thread 3 ] DEBUG Engine               - devShowPositionProperty: BooleanProperty [value: false]
05:05:44.034 [FXGL Background Thread 3 ] DEBUG Engine               - enabledMenuItems: []
05:05:44.034 [FXGL Background Thread 3 ] DEBUG Engine               - engineServices: [class com.almasb.fxgl.app.services.FXGLAssetLoaderService, class com.almasb.fxgl.app.FXGLApplication$GameApplicationService, class com.almasb.fxgl.app.services.FXGLDialogService, class com.almasb.fxgl.app.services.IOTaskExecutorService, class com.almasb.fxgl.io.FileSystemService, class com.almasb.fxgl.localization.LocalizationService, class com.almasb.fxgl.app.services.SystemBundleService, class com.almasb.fxgl.profile.SaveLoadService, class com.almasb.fxgl.ui.FXGLUIFactoryServiceProvider, class com.almasb.fxgl.ui.FXGLDialogFactoryServiceProvider, class com.almasb.fxgl.audio.AudioPlayer, class com.almasb.fxgl.notification.impl.NotificationServiceProvider, class com.almasb.fxgl.achievement.AchievementService, class com.almasb.fxgl.cutscene.CutsceneService, class com.almasb.fxgl.minigames.MiniGameService, class com.almasb.fxgl.net.NetService, class com.almasb.fxgl.app.services.UpdaterService, class com.almasb.fxgl.dev.DevService]
05:05:44.034 [FXGL Background Thread 3 ] DEBUG Engine               - fontGame: Abel-Regular.ttf
05:05:44.034 [FXGL Background Thread 3 ] DEBUG Engine               - fontMono: TerminalLandMono-Regular.otf
05:05:44.034 [FXGL Background Thread 3 ] DEBUG Engine               - fontSizeScaleUI: 1.0
05:05:44.034 [FXGL Background Thread 3 ] DEBUG Engine               - fontText: Courier-Prime.ttf
05:05:44.034 [FXGL Background Thread 3 ] DEBUG Engine               - fontUI: VarelaRound-Regular.ttf
05:05:44.034 [FXGL Background Thread 3 ] DEBUG Engine               - fullScreen: BooleanProperty [value: false]
05:05:44.034 [FXGL Background Thread 3 ] DEBUG Engine               - gameDifficulty: MEDIUM
05:05:44.034 [FXGL Background Thread 3 ] DEBUG Engine               - gameDifficultyProperty: ObjectProperty [value: MEDIUM]
05:05:44.034 [FXGL Background Thread 3 ] DEBUG Engine               - globalMusicVolume: 0.5
05:05:44.035 [FXGL Background Thread 3 ] DEBUG Engine               - globalMusicVolumeProperty: DoubleProperty [value: 0.5]
05:05:44.035 [FXGL Background Thread 3 ] DEBUG Engine               - globalSoundVolume: 0.5
05:05:44.035 [FXGL Background Thread 3 ] DEBUG Engine               - globalSoundVolumeProperty: DoubleProperty [value: 0.5]
05:05:44.035 [FXGL Background Thread 3 ] DEBUG Engine               - height: 600
05:05:44.035 [FXGL Background Thread 3 ] DEBUG Engine               - is3D: false
05:05:44.035 [FXGL Background Thread 3 ] DEBUG Engine               - isAndroid: false
05:05:44.035 [FXGL Background Thread 3 ] DEBUG Engine               - isBrowser: false
05:05:44.035 [FXGL Background Thread 3 ] DEBUG Engine               - isClickFeedbackEnabled: false
05:05:44.035 [FXGL Background Thread 3 ] DEBUG Engine               - isCloseConfirmation: false
05:05:44.035 [FXGL Background Thread 3 ] DEBUG Engine               - isDesktop: true
05:05:44.035 [FXGL Background Thread 3 ] DEBUG Engine               - isDeveloperMenuEnabled: false
05:05:44.035 [FXGL Background Thread 3 ] DEBUG Engine               - isEmbedded: false
05:05:44.035 [FXGL Background Thread 3 ] DEBUG Engine               - isEntityPreloadEnabled: true
05:05:44.035 [FXGL Background Thread 3 ] DEBUG Engine               - isExperimentalTiledLargeMap: false
05:05:44.035 [FXGL Background Thread 3 ] DEBUG Engine               - isFileSystemWriteAllowed: true
05:05:44.035 [FXGL Background Thread 3 ] DEBUG Engine               - isFullScreenAllowed: false
05:05:44.036 [FXGL Background Thread 3 ] DEBUG Engine               - isFullScreenFromStart: false
05:05:44.036 [FXGL Background Thread 3 ] DEBUG Engine               - isGameMenuEnabled: true
05:05:44.036 [FXGL Background Thread 3 ] DEBUG Engine               - isIOS: false
05:05:44.036 [FXGL Background Thread 3 ] DEBUG Engine               - isIntroEnabled: false
05:05:44.036 [FXGL Background Thread 3 ] DEBUG Engine               - isLinux: false
05:05:44.036 [FXGL Background Thread 3 ] DEBUG Engine               - isMac: true
05:05:44.036 [FXGL Background Thread 3 ] DEBUG Engine               - isMainMenuEnabled: true
05:05:44.036 [FXGL Background Thread 3 ] DEBUG Engine               - isManualResizeEnabled: true
05:05:44.036 [FXGL Background Thread 3 ] DEBUG Engine               - isMobile: false
05:05:44.036 [FXGL Background Thread 3 ] DEBUG Engine               - isNative: false
05:05:44.036 [FXGL Background Thread 3 ] DEBUG Engine               - isPauseMusicWhenMinimized: true
05:05:44.036 [FXGL Background Thread 3 ] DEBUG Engine               - isPreserveResizeRatio: true
05:05:44.036 [FXGL Background Thread 3 ] DEBUG Engine               - isProfilingEnabled: false
05:05:44.036 [FXGL Background Thread 3 ] DEBUG Engine               - isScaleAffectedOnResize: true
05:05:44.037 [FXGL Background Thread 3 ] DEBUG Engine               - isSingleStep: false
05:05:44.037 [FXGL Background Thread 3 ] DEBUG Engine               - isUserProfileEnabled: false
05:05:44.037 [FXGL Background Thread 3 ] DEBUG Engine               - isWindows: false
05:05:44.037 [FXGL Background Thread 3 ] DEBUG Engine               - language: ObjectProperty [value: ENGLISH]
05:05:44.037 [FXGL Background Thread 3 ] DEBUG Engine               - menuKey: ESCAPE
05:05:44.037 [FXGL Background Thread 3 ] DEBUG Engine               - mouseSensitivity: 0.2
05:05:44.037 [FXGL Background Thread 3 ] DEBUG Engine               - notificationViewClass: class com.almasb.fxgl.notification.view.XboxNotificationView
05:05:44.037 [FXGL Background Thread 3 ] DEBUG Engine               - pixelsPerMeter: 50.0
05:05:44.037 [FXGL Background Thread 3 ] DEBUG Engine               - platform: MAC
05:05:44.037 [FXGL Background Thread 3 ] DEBUG Engine               - prefHeightProperty: ReadOnlyDoubleProperty [value: 600.0]
05:05:44.037 [FXGL Background Thread 3 ] DEBUG Engine               - prefWidthProperty: ReadOnlyDoubleProperty [value: 800.0]
05:05:44.037 [FXGL Background Thread 3 ] DEBUG Engine               - profileDir: profiles/
05:05:44.037 [FXGL Background Thread 3 ] DEBUG Engine               - profileName: StringProperty [value: DEFAULT]
05:05:44.037 [FXGL Background Thread 3 ] DEBUG Engine               - randomSeed: -1
05:05:44.038 [FXGL Background Thread 3 ] DEBUG Engine               - runtimeInfo: RuntimeInfo(platform=MAC, version=21.1, build=27.03.2024 07.52)
05:05:44.038 [FXGL Background Thread 3 ] DEBUG Engine               - saveFileExt: sav
05:05:44.038 [FXGL Background Thread 3 ] DEBUG Engine               - scaledHeightProp$fxgl: DoubleProperty [bound, value: 600.0]
05:05:44.038 [FXGL Background Thread 3 ] DEBUG Engine               - scaledWidthProp$fxgl: DoubleProperty [bound, value: 800.0]
05:05:44.038 [FXGL Background Thread 3 ] DEBUG Engine               - sceneFactory: com.demo.game.GameApp$1@77673bfb
05:05:44.038 [FXGL Background Thread 3 ] DEBUG Engine               - secondsIn24h: 60
05:05:44.038 [FXGL Background Thread 3 ] DEBUG Engine               - soundMenuBack: menu/back.wav
05:05:44.038 [FXGL Background Thread 3 ] DEBUG Engine               - soundMenuPress: menu/press.wav
05:05:44.038 [FXGL Background Thread 3 ] DEBUG Engine               - soundMenuSelect: menu/select.wav
05:05:44.038 [FXGL Background Thread 3 ] DEBUG Engine               - soundNotification: core/notification.wav
05:05:44.038 [FXGL Background Thread 3 ] DEBUG Engine               - stageStyle: DECORATED
05:05:44.038 [FXGL Background Thread 3 ] DEBUG Engine               - supportedLanguages: [ENGLISH, FRENCH, GERMAN, HUNGARIAN, RUSSIAN]
05:05:44.038 [FXGL Background Thread 3 ] DEBUG Engine               - ticksPerSecond: -1
05:05:44.039 [FXGL Background Thread 3 ] DEBUG Engine               - title: Hot Potato Arena
05:05:44.039 [FXGL Background Thread 3 ] DEBUG Engine               - urlGithub: https://github.com/AlmasB/FXGL
05:05:44.039 [FXGL Background Thread 3 ] DEBUG Engine               - urlLeaderboard: http://fxgl-top.herokuapp.com/
05:05:44.039 [FXGL Background Thread 3 ] DEBUG Engine               - urlPOM: https://raw.githubusercontent.com/AlmasB/FXGL/release/README.md
05:05:44.039 [FXGL Background Thread 3 ] DEBUG Engine               - userAppClass: class com.demo.game.GameApp
05:05:44.039 [FXGL Background Thread 3 ] DEBUG Engine               - version: 0.1.0
05:05:44.039 [FXGL Background Thread 3 ] DEBUG Engine               - versionCheckDays: 7
05:05:44.039 [FXGL Background Thread 3 ] DEBUG Engine               - width: 800
05:05:44.039 [FXGL Background Thread 3 ] DEBUG Engine               - Logging services
05:05:44.039 [FXGL Background Thread 3 ] DEBUG Engine               - class com.almasb.fxgl.app.services.FXGLAssetLoaderService
05:05:44.039 [FXGL Background Thread 3 ] DEBUG Engine               - class com.almasb.fxgl.app.FXGLApplication$GameApplicationService
05:05:44.039 [FXGL Background Thread 3 ] DEBUG Engine               - class com.almasb.fxgl.app.services.FXGLDialogService
05:05:44.039 [FXGL Background Thread 3 ] DEBUG Engine               - class com.almasb.fxgl.app.services.IOTaskExecutorService
05:05:44.039 [FXGL Background Thread 3 ] DEBUG Engine               - class com.almasb.fxgl.io.FileSystemService
05:05:44.039 [FXGL Background Thread 3 ] DEBUG Engine               - class com.almasb.fxgl.localization.LocalizationService
05:05:44.039 [FXGL Background Thread 3 ] DEBUG Engine               - class com.almasb.fxgl.app.services.SystemBundleService
05:05:44.039 [FXGL Background Thread 3 ] DEBUG Engine               - class com.almasb.fxgl.profile.SaveLoadService
05:05:44.040 [FXGL Background Thread 3 ] DEBUG Engine               - class com.almasb.fxgl.ui.FXGLUIFactoryServiceProvider
05:05:44.040 [FXGL Background Thread 3 ] DEBUG Engine               - class com.almasb.fxgl.ui.FXGLDialogFactoryServiceProvider
05:05:44.040 [FXGL Background Thread 3 ] DEBUG Engine               - class com.almasb.fxgl.audio.AudioPlayer
05:05:44.040 [FXGL Background Thread 3 ] DEBUG Engine               - class com.almasb.fxgl.notification.impl.NotificationServiceProvider
05:05:44.040 [FXGL Background Thread 3 ] DEBUG Engine               - class com.almasb.fxgl.achievement.AchievementService
05:05:44.040 [FXGL Background Thread 3 ] DEBUG Engine               - class com.almasb.fxgl.cutscene.CutsceneService
05:05:44.040 [FXGL Background Thread 3 ] DEBUG Engine               - class com.almasb.fxgl.minigames.MiniGameService
05:05:44.040 [FXGL Background Thread 3 ] DEBUG Engine               - class com.almasb.fxgl.net.NetService
05:05:44.040 [FXGL Background Thread 3 ] DEBUG Engine               - class com.almasb.fxgl.app.services.UpdaterService
05:05:44.040 [FXGL Background Thread 3 ] DEBUG Engine               - class com.almasb.fxgl.dev.DevService
05:05:54.705 [JavaFX Application Thread] DEBUG LoopRunner           - Stopping loop
05:05:54.707 [JavaFX Application Thread] FATAL FXGLApplication      - Uncaught Exception:
java.lang.RuntimeException: java.lang.reflect.InvocationTargetException
	at javafx.fxml/javafx.fxml.FXMLLoader$MethodHandler.invoke(FXMLLoader.java:1858)
	at javafx.fxml/javafx.fxml.FXMLLoader$ControllerMethodEventHandler.handle(FXMLLoader.java:1726)
	at javafx.base/com.sun.javafx.event.CompositeEventHandler.dispatchBubblingEvent(CompositeEventHandler.java:86)
	at javafx.base/com.sun.javafx.event.EventHandlerManager.dispatchBubblingEvent(EventHandlerManager.java:232)
	at javafx.base/com.sun.javafx.event.EventHandlerManager.dispatchBubblingEvent(EventHandlerManager.java:189)
	at javafx.base/com.sun.javafx.event.CompositeEventDispatcher.dispatchBubblingEvent(CompositeEventDispatcher.java:59)
	at javafx.base/com.sun.javafx.event.BasicEventDispatcher.dispatchEvent(BasicEventDispatcher.java:58)
	at javafx.base/com.sun.javafx.event.EventDispatchChainImpl.dispatchEvent(EventDispatchChainImpl.java:114)
	at javafx.base/com.sun.javafx.event.BasicEventDispatcher.dispatchEvent(BasicEventDispatcher.java:56)
	at javafx.base/com.sun.javafx.event.EventDispatchChainImpl.dispatchEvent(EventDispatchChainImpl.java:114)
	at javafx.base/com.sun.javafx.event.BasicEventDispatcher.dispatchEvent(BasicEventDispatcher.java:56)
	at javafx.base/com.sun.javafx.event.EventDispatchChainImpl.dispatchEvent(EventDispatchChainImpl.java:114)
	at javafx.base/com.sun.javafx.event.EventUtil.fireEventImpl(EventUtil.java:74)
	at javafx.base/com.sun.javafx.event.EventUtil.fireEvent(EventUtil.java:49)
	at javafx.base/javafx.event.Event.fireEvent(Event.java:198)
	at javafx.graphics/javafx.scene.Node.fireEvent(Node.java:8875)
	at javafx.controls/javafx.scene.control.Button.fire(Button.java:203)
	at javafx.controls/com.sun.javafx.scene.control.behavior.ButtonBehavior.mouseReleased(ButtonBehavior.java:207)
	at javafx.controls/com.sun.javafx.scene.control.inputmap.InputMap.handle(InputMap.java:274)
	at javafx.base/com.sun.javafx.event.CompositeEventHandler$NormalEventHandlerRecord.handleBubblingEvent(CompositeEventHandler.java:247)
	at javafx.base/com.sun.javafx.event.CompositeEventHandler.dispatchBubblingEvent(CompositeEventHandler.java:80)
	at javafx.base/com.sun.javafx.event.EventHandlerManager.dispatchBubblingEvent(EventHandlerManager.java:232)
	at javafx.base/com.sun.javafx.event.EventHandlerManager.dispatchBubblingEvent(EventHandlerManager.java:189)
	at javafx.base/com.sun.javafx.event.CompositeEventDispatcher.dispatchBubblingEvent(CompositeEventDispatcher.java:59)
	at javafx.base/com.sun.javafx.event.BasicEventDispatcher.dispatchEvent(BasicEventDispatcher.java:58)
	at javafx.base/com.sun.javafx.event.EventDispatchChainImpl.dispatchEvent(EventDispatchChainImpl.java:114)
	at javafx.base/com.sun.javafx.event.BasicEventDispatcher.dispatchEvent(BasicEventDispatcher.java:56)
	at javafx.base/com.sun.javafx.event.EventDispatchChainImpl.dispatchEvent(EventDispatchChainImpl.java:114)
	at javafx.base/com.sun.javafx.event.BasicEventDispatcher.dispatchEvent(BasicEventDispatcher.java:56)
	at javafx.base/com.sun.javafx.event.EventDispatchChainImpl.dispatchEvent(EventDispatchChainImpl.java:114)
	at javafx.base/com.sun.javafx.event.EventUtil.fireEventImpl(EventUtil.java:74)
	at javafx.base/com.sun.javafx.event.EventUtil.fireEvent(EventUtil.java:54)
	at javafx.base/javafx.event.Event.fireEvent(Event.java:198)
	at javafx.graphics/javafx.scene.Scene$MouseHandler.process(Scene.java:3984)
	at javafx.graphics/javafx.scene.Scene.processMouseEvent(Scene.java:1890)
	at javafx.graphics/javafx.scene.Scene$ScenePeerListener.mouseEvent(Scene.java:2708)
	at javafx.graphics/com.sun.javafx.tk.quantum.GlassViewEventHandler$MouseEventNotification.run(GlassViewEventHandler.java:411)
	at javafx.graphics/com.sun.javafx.tk.quantum.GlassViewEventHandler$MouseEventNotification.run(GlassViewEventHandler.java:301)
	at java.base/java.security.AccessController.doPrivileged(AccessController.java:400)
	at javafx.graphics/com.sun.javafx.tk.quantum.GlassViewEventHandler.lambda$handleMouseEvent$2(GlassViewEventHandler.java:450)
	at javafx.graphics/com.sun.javafx.tk.quantum.QuantumToolkit.runWithoutRenderLock(QuantumToolkit.java:424)
	at javafx.graphics/com.sun.javafx.tk.quantum.GlassViewEventHandler.handleMouseEvent(GlassViewEventHandler.java:449)
	at javafx.graphics/com.sun.glass.ui.View.handleMouseEvent(View.java:551)
	at javafx.graphics/com.sun.glass.ui.View.notifyMouse(View.java:937)
	at javafx.graphics/com.sun.glass.ui.mac.MacView.notifyMouse(MacView.java:127)
Caused by: java.lang.reflect.InvocationTargetException
	at java.base/jdk.internal.reflect.DirectMethodHandleAccessor.invoke(DirectMethodHandleAccessor.java:115)
	at java.base/java.lang.reflect.Method.invoke(Method.java:580)
	at com.sun.javafx.reflect.Trampoline.invoke(MethodUtil.java:72)
	at java.base/jdk.internal.reflect.DirectMethodHandleAccessor.invoke(DirectMethodHandleAccessor.java:103)
	at java.base/java.lang.reflect.Method.invoke(Method.java:580)
	at javafx.base/com.sun.javafx.reflect.MethodUtil.invoke(MethodUtil.java:270)
	at javafx.fxml/com.sun.javafx.fxml.MethodHelper.invoke(MethodHelper.java:84)
	at javafx.fxml/javafx.fxml.FXMLLoader$MethodHandler.invoke(FXMLLoader.java:1855)
	... 44 more
Caused by: java.lang.NullPointerException: Location is required.
	at javafx.fxml/javafx.fxml.FXMLLoader.loadImpl(FXMLLoader.java:3369)
	at javafx.fxml/javafx.fxml.FXMLLoader.loadImpl(FXMLLoader.java:3332)
	at javafx.fxml/javafx.fxml.FXMLLoader.loadImpl(FXMLLoader.java:3300)
	at javafx.fxml/javafx.fxml.FXMLLoader.loadImpl(FXMLLoader.java:3272)
	at javafx.fxml/javafx.fxml.FXMLLoader.loadImpl(FXMLLoader.java:3248)
	at javafx.fxml/javafx.fxml.FXMLLoader.load(FXMLLoader.java:3241)
	at com.demo.game/com.demo.game.controllers.MainMenuController.switchToView(MainMenuController.java:77)
	at com.demo.game/com.demo.game.controllers.MainMenuController.handleSettings(MainMenuController.java:56)
	at java.base/jdk.internal.reflect.DirectMethodHandleAccessor.invoke(DirectMethodHandleAccessor.java:103)
	... 51 more

05:05:54.708 [JavaFX Application Thread] FATAL FXGLApplication      - Application will now exit
05:05:54.724 [JavaFX Application Thread] DEBUG PrimaryStageWindow   - Push state: ErrorSubScene
05:05:54.724 [JavaFX Application Thread] DEBUG Input                - Clearing active input actions
05:05:54.726 [JavaFX Application Thread] DEBUG GameApplicationServi - Removing overlay from LoginScene and adding to ErrorSubScene
05:05:54.726 [JavaFX Application Thread] DEBUG PrimaryStageWindow   - LoginScene -> ErrorSubScene
05:05:56.144 [JavaFX Application Thread] DEBUG FXGLApplication      - Exiting FXGL
05:05:56.144 [JavaFX Application Thread] DEBUG Async                - Shutting down background threads
05:05:56.144 [JavaFX Application Thread] DEBUG PrimaryStageWindow   - Closing main window
05:05:56.156 [JavaFX Application Thread] DEBUG Logger               - Closing Logger
