08:30:26.138 [main                     ] DEBUG Logger               - Configured Logger
08:30:26.161 [main                     ] DEBUG GameApplication      - Logging settings
Title: Hot Potato Arena
Version: 0.1.0
Width: 800
Height: 600
Fullscreen: false
Intro: false
Profiling: false
Single step:false
App Mode: DEVELOPER
Menu Key: ESCAPE
Stage Style: DECORATED
Scene Factory: class com.demo.game.GameApp$1

08:30:26.630 [JavaFX Application Thread] DEBUG FXGLApplication      - Initializing FXGL
08:30:26.632 [JavaFX Application Thread] INFO  Engine               - FXGL-21.1 (27.03.2024 07.52) on MAC (J:21.0.7 FX:21.0.7+1)
08:30:26.633 [JavaFX Application Thread] DEBUG Engine               - JRE Vendor Name: BellSoft
08:30:26.633 [JavaFX Application Thread] DEBUG Engine               - Running on OS: Mac OS X version 26.0.1
08:30:26.633 [JavaFX Application Thread] DEBUG Engine               - Architecture: aarch64
08:30:26.633 [JavaFX Application Thread] INFO  Engine               - Source code and latest versions at: https://github.com/AlmasB/FXGL
08:30:26.633 [JavaFX Application Thread] INFO  Engine               -       Ask questions and discuss at: https://github.com/AlmasB/FXGL/discussions
08:30:26.633 [JavaFX Application Thread] INFO  Engine               -              Join the FXGL chat at: https://gitter.im/AlmasB/FXGL
08:30:26.687 [JavaFX Application Thread] DEBUG PrimaryStageWindow   - Creating a JavaFX scene
08:30:26.713 [JavaFX Application Thread] DEBUG PrimaryStageWindow   - Target settings size: 800.0 x 600.0
08:30:26.713 [JavaFX Application Thread] DEBUG PrimaryStageWindow   - Scaled scene size:    800.0 x 600.0
08:30:26.713 [JavaFX Application Thread] DEBUG PrimaryStageWindow   - Scaled ratio: (1.0, 1.0)
08:30:26.714 [JavaFX Application Thread] DEBUG PrimaryStageWindow   - Set initial scene to FXGLStartupScene
08:30:26.715 [JavaFX Application Thread] DEBUG PrimaryStageWindow   - Opening main window
08:30:26.915 [JavaFX Application Thread] DEBUG PrimaryStageWindow   - Window border size: (0.0, 28.0)
08:30:26.915 [JavaFX Application Thread] DEBUG PrimaryStageWindow   - Scaled size: 800.0 x 600.0
08:30:26.915 [JavaFX Application Thread] DEBUG PrimaryStageWindow   - Scaled ratio: (1.0, 1.0)
08:30:26.915 [JavaFX Application Thread] DEBUG PrimaryStageWindow   - Scene size: 800.0 x 600.0
08:30:26.915 [JavaFX Application Thread] DEBUG PrimaryStageWindow   - Stage size: 800.0 x 628.0
08:30:26.924 [FXGL Background Thread 1 ] DEBUG Engine               - Initializing environment variables
08:30:26.962 [FXGL Background Thread 1 ] DEBUG FXGLAssetLoaderServi - User app class for loading assets: class com.demo.game.GameApp
08:30:26.962 [FXGL Background Thread 1 ] DEBUG GameApplicationServi - Applying CSS: fxgl_dark.css
08:30:26.963 [FXGL Background Thread 1 ] DEBUG FXGLAssetLoaderServi - Loading from file system: jar:file:///Users/ahnafabidshan/.m2/repository/com/github/almasb/fxgl/21.1/fxgl-21.1.jar!/fxglassets/ui/css/fxgl_dark.css
08:30:27.009 [FXGL Background Thread 1 ] DEBUG GameApplicationServi - Initializing application scenes
08:30:27.117 [FXGL Background Thread 1 ] DEBUG GameWorld            - Game world initialized
08:30:27.142 [FXGL Background Thread 1 ] DEBUG PhysicsWorld         - Physics world initialized: appHeight=600, physics.ppm=50.0
08:30:27.142 [FXGL Background Thread 1 ] DEBUG PhysicsWorld         - Using strategy: BRUTE_FORCE
08:30:27.144 [FXGL Background Thread 1 ] DEBUG GameScene            - Game scene initialized: 800x600
08:30:27.201 [FXGL Background Thread 1 ] DEBUG FXGL.DefaultMenu     - createMenuBodyGameMenu()
08:30:27.205 [FXGL Background Thread 1 ] DEBUG FXGL.DefaultMenu     - createOptionsMenu()
08:30:27.209 [FXGL Background Thread 1 ] DEBUG FXGLAssetLoaderServi - Loading from file system: jar:file:///Users/ahnafabidshan/.m2/repository/com/github/almasb/fxgl/21.1/fxgl-21.1.jar!/fxglassets/textures/particles/smoke.png
08:30:27.284 [FXGL Background Thread 1 ] DEBUG FXGLAssetLoaderServi - Loading from file system: jar:file:///Users/ahnafabidshan/.m2/repository/com/github/almasb/fxgl/21.1/fxgl-21.1.jar!/fxglassets/textures/particles/trace_horizontal.png
08:30:27.299 [FXGL Background Thread 1 ] DEBUG GameApplicationServi - Application scenes initialized
08:30:27.307 [FXGL Background Thread 1 ] DEBUG SystemBundleService  - Loading FXGL system data
08:30:27.310 [FXGL Background Thread 1 ] DEBUG FileSystemAccess     - Reading from: /Users/ahnafabidshan/Documents/study stuffs/8th semester/AOOP LAB/AOOP PROJECT/Game/system/fxgl.bundle
08:30:27.317 [FXGL Background Thread 1 ] DEBUG SystemBundleService  - Bundle FXGL: {}
08:30:27.318 [FXGL Background Thread 1 ] DEBUG UpdaterService       - Checking for updates
08:30:27.320 [FXGL Background Thread 4 ] DEBUG FXGLApplication      - Loading fonts
08:30:27.320 [FXGL Background Thread 1 ] DEBUG FXGLApplication      - Loading default localization
08:30:27.320 [FXGL Background Thread 1 ] DEBUG FXGLAssetLoaderServi - Loading from file system: jar:file:///Users/ahnafabidshan/.m2/repository/com/github/almasb/fxgl/21.1/fxgl-21.1.jar!/fxglassets/languages/english.lang
08:30:27.320 [FXGL Background Thread 4 ] DEBUG FXGLAssetLoaderServi - Loading from file system: jar:file:///Users/ahnafabidshan/.m2/repository/com/github/almasb/fxgl/21.1/fxgl-21.1.jar!/fxglassets/ui/fonts/VarelaRound-Regular.ttf
08:30:27.329 [FXGL Background Thread 1 ] INFO  FXGLApplication      - FXGL initialization took: 0.406 sec
08:30:27.335 [JavaFX Application Thread] DEBUG Input                - Registered new binding: Move Left - A
08:30:27.335 [JavaFX Application Thread] DEBUG Input                - Registered new binding: Move Right - D
08:30:27.335 [JavaFX Application Thread] DEBUG Input                - Registered new binding: Move Up - W
08:30:27.335 [JavaFX Application Thread] DEBUG Input                - Registered new binding: Move Down - S
08:30:27.335 [JavaFX Application Thread] DEBUG Input                - Registered new binding: Pass Bomb - Space
08:30:27.336 [JavaFX Application Thread] DEBUG FXGLAssetLoaderServi - Loading from file system: jar:file:///Users/ahnafabidshan/.m2/repository/com/github/almasb/fxgl/21.1/fxgl-21.1.jar!/fxglassets/textures/fxgl_icon.png
08:30:27.338 [FXGL Background Thread 4 ] DEBUG FXGLAssetLoaderServi - Loading from file system: jar:file:///Users/ahnafabidshan/.m2/repository/com/github/almasb/fxgl/21.1/fxgl-21.1.jar!/fxglassets/ui/fonts/Abel-Regular.ttf
08:30:27.342 [FXGL Background Thread 4 ] DEBUG FXGLAssetLoaderServi - Loading from file system: jar:file:///Users/ahnafabidshan/.m2/repository/com/github/almasb/fxgl/21.1/fxgl-21.1.jar!/fxglassets/ui/fonts/TerminalLandMono-Regular.otf
08:30:27.350 [FXGL Background Thread 4 ] DEBUG FXGLAssetLoaderServi - Loading from file system: jar:file:///Users/ahnafabidshan/.m2/repository/com/github/almasb/fxgl/21.1/fxgl-21.1.jar!/fxglassets/ui/fonts/Courier-Prime.ttf
08:30:27.361 [JavaFX Application Thread] DEBUG FXGLAssetLoaderServi - Loading from file system: jar:file:///Users/ahnafabidshan/.m2/repository/com/github/almasb/fxgl/21.1/fxgl-21.1.jar!/fxglassets/textures/fxgl_default_cursor.png
08:30:27.362 [JavaFX Application Thread] DEBUG Input                - Registered new binding: Screenshot - CTRL+8
08:30:27.362 [JavaFX Application Thread] DEBUG Input                - Registered new binding: System info dump - CTRL+9
08:30:27.362 [JavaFX Application Thread] DEBUG Input                - Registered new binding: Restart - CTRL+R
08:30:27.363 [JavaFX Application Thread] DEBUG Input                - Registered new binding: Toggle Debug Camera - CTRL+7
08:30:27.364 [JavaFX Application Thread] DEBUG LoopRunner           - Starting loop
08:30:27.364 [JavaFX Application Thread] DEBUG LoopRunner           - Initializing JavaFX AnimationTimerLoop
08:30:27.365 [JavaFX Application Thread] DEBUG Input                - Clearing active input actions
08:30:27.368 [JavaFX Application Thread] DEBUG GameApplicationServi - Removing overlay from FXGLStartupScene and adding to FXGLMainMenuDummyScene
08:30:27.369 [JavaFX Application Thread] DEBUG PrimaryStageWindow   - FXGLStartupScene -> FXGLMainMenuDummyScene
08:30:27.369 [JavaFX Application Thread] DEBUG PrimaryStageWindow   - Push state: LoginScene
08:30:27.369 [JavaFX Application Thread] DEBUG Input                - Clearing active input actions
08:30:27.372 [JavaFX Application Thread] DEBUG GameApplicationServi - Removing overlay from FXGLMainMenuDummyScene and adding to LoginScene
08:30:27.373 [JavaFX Application Thread] DEBUG PrimaryStageWindow   - FXGLMainMenuDummyScene -> LoginScene
08:30:27.396 [JavaFX Application Thread] DEBUG FXGLApplication      - Registering font factories with UI factory
08:30:30.321 [FXGL Background Thread 3 ] DEBUG Engine               - Logging environment variables
08:30:30.323 [FXGL Background Thread 3 ] DEBUG Engine               - achievements: []
08:30:30.323 [FXGL Background Thread 3 ] DEBUG Engine               - actualHeight: 600.0
08:30:30.323 [FXGL Background Thread 3 ] DEBUG Engine               - actualHeightProperty: ReadOnlyDoubleProperty [value: 600.0]
08:30:30.323 [FXGL Background Thread 3 ] DEBUG Engine               - actualWidth: 800.0
08:30:30.323 [FXGL Background Thread 3 ] DEBUG Engine               - actualWidthProperty: ReadOnlyDoubleProperty [value: 800.0]
08:30:30.323 [FXGL Background Thread 3 ] DEBUG Engine               - appIcon: fxgl_icon.png
08:30:30.323 [FXGL Background Thread 3 ] DEBUG Engine               - applicationMode: DEVELOPER
08:30:30.323 [FXGL Background Thread 3 ] DEBUG Engine               - cSSList: [fxgl_dark.css]
08:30:30.324 [FXGL Background Thread 3 ] DEBUG Engine               - collisionDetectionStrategy: BRUTE_FORCE
08:30:30.324 [FXGL Background Thread 3 ] DEBUG Engine               - configClass: Optional.empty
08:30:30.324 [FXGL Background Thread 3 ] DEBUG Engine               - credits: []
08:30:30.324 [FXGL Background Thread 3 ] DEBUG Engine               - defaultCursor: CursorInfo(imageName=fxgl_default_cursor.png, hotspotX=7.0, hotspotY=6.0)
08:30:30.324 [FXGL Background Thread 3 ] DEBUG Engine               - devBBoxColorProperty: ObjectProperty [value: 0xff0000ff]
08:30:30.325 [FXGL Background Thread 3 ] DEBUG Engine               - devEnableDebugCameraProperty: BooleanProperty [value: false]
08:30:30.325 [FXGL Background Thread 3 ] DEBUG Engine               - devSensorColorProperty: ObjectProperty [value: 0xffff00ff]
08:30:30.325 [FXGL Background Thread 3 ] DEBUG Engine               - devShowBBoxProperty: BooleanProperty [value: false]
08:30:30.325 [FXGL Background Thread 3 ] DEBUG Engine               - devShowPositionProperty: BooleanProperty [value: false]
08:30:30.325 [FXGL Background Thread 3 ] DEBUG Engine               - enabledMenuItems: []
08:30:30.325 [FXGL Background Thread 3 ] DEBUG Engine               - engineServices: [class com.almasb.fxgl.app.services.FXGLAssetLoaderService, class com.almasb.fxgl.app.FXGLApplication$GameApplicationService, class com.almasb.fxgl.app.services.FXGLDialogService, class com.almasb.fxgl.app.services.IOTaskExecutorService, class com.almasb.fxgl.io.FileSystemService, class com.almasb.fxgl.localization.LocalizationService, class com.almasb.fxgl.app.services.SystemBundleService, class com.almasb.fxgl.profile.SaveLoadService, class com.almasb.fxgl.ui.FXGLUIFactoryServiceProvider, class com.almasb.fxgl.ui.FXGLDialogFactoryServiceProvider, class com.almasb.fxgl.audio.AudioPlayer, class com.almasb.fxgl.notification.impl.NotificationServiceProvider, class com.almasb.fxgl.achievement.AchievementService, class com.almasb.fxgl.cutscene.CutsceneService, class com.almasb.fxgl.minigames.MiniGameService, class com.almasb.fxgl.net.NetService, class com.almasb.fxgl.app.services.UpdaterService, class com.almasb.fxgl.dev.DevService]
08:30:30.325 [FXGL Background Thread 3 ] DEBUG Engine               - fontGame: Abel-Regular.ttf
08:30:30.325 [FXGL Background Thread 3 ] DEBUG Engine               - fontMono: TerminalLandMono-Regular.otf
08:30:30.325 [FXGL Background Thread 3 ] DEBUG Engine               - fontSizeScaleUI: 1.0
08:30:30.325 [FXGL Background Thread 3 ] DEBUG Engine               - fontText: Courier-Prime.ttf
08:30:30.326 [FXGL Background Thread 3 ] DEBUG Engine               - fontUI: VarelaRound-Regular.ttf
08:30:30.326 [FXGL Background Thread 3 ] DEBUG Engine               - fullScreen: BooleanProperty [value: false]
08:30:30.326 [FXGL Background Thread 3 ] DEBUG Engine               - gameDifficulty: MEDIUM
08:30:30.326 [FXGL Background Thread 3 ] DEBUG Engine               - gameDifficultyProperty: ObjectProperty [value: MEDIUM]
08:30:30.326 [FXGL Background Thread 3 ] DEBUG Engine               - globalMusicVolume: 0.5
08:30:30.326 [FXGL Background Thread 3 ] DEBUG Engine               - globalMusicVolumeProperty: DoubleProperty [value: 0.5]
08:30:30.326 [FXGL Background Thread 3 ] DEBUG Engine               - globalSoundVolume: 0.5
08:30:30.326 [FXGL Background Thread 3 ] DEBUG Engine               - globalSoundVolumeProperty: DoubleProperty [value: 0.5]
08:30:30.326 [FXGL Background Thread 3 ] DEBUG Engine               - height: 600
08:30:30.326 [FXGL Background Thread 3 ] DEBUG Engine               - is3D: false
08:30:30.327 [FXGL Background Thread 3 ] DEBUG Engine               - isAndroid: false
08:30:30.327 [FXGL Background Thread 3 ] DEBUG Engine               - isBrowser: false
08:30:30.327 [FXGL Background Thread 3 ] DEBUG Engine               - isClickFeedbackEnabled: false
08:30:30.327 [FXGL Background Thread 3 ] DEBUG Engine               - isCloseConfirmation: false
08:30:30.327 [FXGL Background Thread 3 ] DEBUG Engine               - isDesktop: true
08:30:30.327 [FXGL Background Thread 3 ] DEBUG Engine               - isDeveloperMenuEnabled: false
08:30:30.327 [FXGL Background Thread 3 ] DEBUG Engine               - isEmbedded: false
08:30:30.327 [FXGL Background Thread 3 ] DEBUG Engine               - isEntityPreloadEnabled: true
08:30:30.327 [FXGL Background Thread 3 ] DEBUG Engine               - isExperimentalTiledLargeMap: false
08:30:30.327 [FXGL Background Thread 3 ] DEBUG Engine               - isFileSystemWriteAllowed: true
08:30:30.327 [FXGL Background Thread 3 ] DEBUG Engine               - isFullScreenAllowed: false
08:30:30.327 [FXGL Background Thread 3 ] DEBUG Engine               - isFullScreenFromStart: false
08:30:30.327 [FXGL Background Thread 3 ] DEBUG Engine               - isGameMenuEnabled: true
08:30:30.327 [FXGL Background Thread 3 ] DEBUG Engine               - isIOS: false
08:30:30.327 [FXGL Background Thread 3 ] DEBUG Engine               - isIntroEnabled: false
08:30:30.327 [FXGL Background Thread 3 ] DEBUG Engine               - isLinux: false
08:30:30.327 [FXGL Background Thread 3 ] DEBUG Engine               - isMac: true
08:30:30.328 [FXGL Background Thread 3 ] DEBUG Engine               - isMainMenuEnabled: true
08:30:30.328 [FXGL Background Thread 3 ] DEBUG Engine               - isManualResizeEnabled: false
08:30:30.328 [FXGL Background Thread 3 ] DEBUG Engine               - isMobile: false
08:30:30.328 [FXGL Background Thread 3 ] DEBUG Engine               - isNative: false
08:30:30.328 [FXGL Background Thread 3 ] DEBUG Engine               - isPauseMusicWhenMinimized: true
08:30:30.328 [FXGL Background Thread 3 ] DEBUG Engine               - isPreserveResizeRatio: false
08:30:30.328 [FXGL Background Thread 3 ] DEBUG Engine               - isProfilingEnabled: false
08:30:30.328 [FXGL Background Thread 3 ] DEBUG Engine               - isScaleAffectedOnResize: true
08:30:30.328 [FXGL Background Thread 3 ] DEBUG Engine               - isSingleStep: false
08:30:30.328 [FXGL Background Thread 3 ] DEBUG Engine               - isUserProfileEnabled: false
08:30:30.328 [FXGL Background Thread 3 ] DEBUG Engine               - isWindows: false
08:30:30.328 [FXGL Background Thread 3 ] DEBUG Engine               - language: ObjectProperty [value: ENGLISH]
08:30:30.328 [FXGL Background Thread 3 ] DEBUG Engine               - menuKey: ESCAPE
08:30:30.328 [FXGL Background Thread 3 ] DEBUG Engine               - mouseSensitivity: 0.2
08:30:30.328 [FXGL Background Thread 3 ] DEBUG Engine               - notificationViewClass: class com.almasb.fxgl.notification.view.XboxNotificationView
08:30:30.329 [FXGL Background Thread 3 ] DEBUG Engine               - pixelsPerMeter: 50.0
08:30:30.329 [FXGL Background Thread 3 ] DEBUG Engine               - platform: MAC
08:30:30.329 [FXGL Background Thread 3 ] DEBUG Engine               - prefHeightProperty: ReadOnlyDoubleProperty [value: 600.0]
08:30:30.329 [FXGL Background Thread 3 ] DEBUG Engine               - prefWidthProperty: ReadOnlyDoubleProperty [value: 800.0]
08:30:30.329 [FXGL Background Thread 3 ] DEBUG Engine               - profileDir: profiles/
08:30:30.329 [FXGL Background Thread 3 ] DEBUG Engine               - profileName: StringProperty [value: DEFAULT]
08:30:30.329 [FXGL Background Thread 3 ] DEBUG Engine               - randomSeed: -1
08:30:30.329 [FXGL Background Thread 3 ] DEBUG Engine               - runtimeInfo: RuntimeInfo(platform=MAC, version=21.1, build=27.03.2024 07.52)
08:30:30.329 [FXGL Background Thread 3 ] DEBUG Engine               - saveFileExt: sav
08:30:30.329 [FXGL Background Thread 3 ] DEBUG Engine               - scaledHeightProp$fxgl: DoubleProperty [bound, value: 600.0]
08:30:30.329 [FXGL Background Thread 3 ] DEBUG Engine               - scaledWidthProp$fxgl: DoubleProperty [bound, value: 800.0]
08:30:30.329 [FXGL Background Thread 3 ] DEBUG Engine               - sceneFactory: com.demo.game.GameApp$1@3f26443f
08:30:30.330 [FXGL Background Thread 3 ] DEBUG Engine               - secondsIn24h: 60
08:30:30.330 [FXGL Background Thread 3 ] DEBUG Engine               - soundMenuBack: menu/back.wav
08:30:30.330 [FXGL Background Thread 3 ] DEBUG Engine               - soundMenuPress: menu/press.wav
08:30:30.330 [FXGL Background Thread 3 ] DEBUG Engine               - soundMenuSelect: menu/select.wav
08:30:30.330 [FXGL Background Thread 3 ] DEBUG Engine               - soundNotification: core/notification.wav
08:30:30.330 [FXGL Background Thread 3 ] DEBUG Engine               - stageStyle: DECORATED
08:30:30.330 [FXGL Background Thread 3 ] DEBUG Engine               - supportedLanguages: [ENGLISH, FRENCH, GERMAN, HUNGARIAN, RUSSIAN]
08:30:30.330 [FXGL Background Thread 3 ] DEBUG Engine               - ticksPerSecond: -1
08:30:30.330 [FXGL Background Thread 3 ] DEBUG Engine               - title: Hot Potato Arena
08:30:30.330 [FXGL Background Thread 3 ] DEBUG Engine               - urlGithub: https://github.com/AlmasB/FXGL
08:30:30.330 [FXGL Background Thread 3 ] DEBUG Engine               - urlLeaderboard: http://fxgl-top.herokuapp.com/
08:30:30.330 [FXGL Background Thread 3 ] DEBUG Engine               - urlPOM: https://raw.githubusercontent.com/AlmasB/FXGL/release/README.md
08:30:30.330 [FXGL Background Thread 3 ] DEBUG Engine               - userAppClass: class com.demo.game.GameApp
08:30:30.330 [FXGL Background Thread 3 ] DEBUG Engine               - version: 0.1.0
08:30:30.330 [FXGL Background Thread 3 ] DEBUG Engine               - versionCheckDays: 7
08:30:30.330 [FXGL Background Thread 3 ] DEBUG Engine               - width: 800
08:30:30.330 [FXGL Background Thread 3 ] DEBUG Engine               - Logging services
08:30:30.330 [FXGL Background Thread 3 ] DEBUG Engine               - class com.almasb.fxgl.app.services.FXGLAssetLoaderService
08:30:30.330 [FXGL Background Thread 3 ] DEBUG Engine               - class com.almasb.fxgl.app.FXGLApplication$GameApplicationService
08:30:30.331 [FXGL Background Thread 3 ] DEBUG Engine               - class com.almasb.fxgl.app.services.FXGLDialogService
08:30:30.331 [FXGL Background Thread 3 ] DEBUG Engine               - class com.almasb.fxgl.app.services.IOTaskExecutorService
08:30:30.331 [FXGL Background Thread 3 ] DEBUG Engine               - class com.almasb.fxgl.io.FileSystemService
08:30:30.331 [FXGL Background Thread 3 ] DEBUG Engine               - class com.almasb.fxgl.localization.LocalizationService
08:30:30.331 [FXGL Background Thread 3 ] DEBUG Engine               - class com.almasb.fxgl.app.services.SystemBundleService
08:30:30.331 [FXGL Background Thread 3 ] DEBUG Engine               - class com.almasb.fxgl.profile.SaveLoadService
08:30:30.331 [FXGL Background Thread 3 ] DEBUG Engine               - class com.almasb.fxgl.ui.FXGLUIFactoryServiceProvider
08:30:30.331 [FXGL Background Thread 3 ] DEBUG Engine               - class com.almasb.fxgl.ui.FXGLDialogFactoryServiceProvider
08:30:30.331 [FXGL Background Thread 3 ] DEBUG Engine               - class com.almasb.fxgl.audio.AudioPlayer
08:30:30.331 [FXGL Background Thread 3 ] DEBUG Engine               - class com.almasb.fxgl.notification.impl.NotificationServiceProvider
08:30:30.331 [FXGL Background Thread 3 ] DEBUG Engine               - class com.almasb.fxgl.achievement.AchievementService
08:30:30.331 [FXGL Background Thread 3 ] DEBUG Engine               - class com.almasb.fxgl.cutscene.CutsceneService
08:30:30.331 [FXGL Background Thread 3 ] DEBUG Engine               - class com.almasb.fxgl.minigames.MiniGameService
08:30:30.331 [FXGL Background Thread 3 ] DEBUG Engine               - class com.almasb.fxgl.net.NetService
08:30:30.331 [FXGL Background Thread 3 ] DEBUG Engine               - class com.almasb.fxgl.app.services.UpdaterService
08:30:30.331 [FXGL Background Thread 3 ] DEBUG Engine               - class com.almasb.fxgl.dev.DevService
08:30:56.514 [JavaFX Application Thread] DEBUG GameApplicationServi - Starting new game
08:30:56.515 [JavaFX Application Thread] DEBUG PrimaryStageWindow   - Pop state: LoginScene
08:30:56.515 [JavaFX Application Thread] DEBUG Input                - Clearing active input actions
08:30:56.516 [JavaFX Application Thread] DEBUG GameApplicationServi - Removing overlay from LoginScene and adding to FXGLMainMenuDummyScene
08:30:56.516 [JavaFX Application Thread] DEBUG PrimaryStageWindow   - FXGLMainMenuDummyScene <- LoginScene
08:30:56.516 [JavaFX Application Thread] DEBUG Input                - Clearing active input actions
08:30:56.526 [JavaFX Application Thread] DEBUG GameApplicationServi - Removing overlay from FXGLMainMenuDummyScene and adding to FXGLLoadingScene
08:30:56.526 [JavaFX Application Thread] DEBUG PrimaryStageWindow   - FXGLMainMenuDummyScene -> FXGLLoadingScene
08:30:56.526 [JavaFX Application Thread] DEBUG GameApplicationServi - Clearing previous game
08:30:56.526 [JavaFX Application Thread] DEBUG GameScene            - Clearing game scene
08:30:56.527 [JavaFX Application Thread] DEBUG GameWorld            - Clearing game world
08:30:56.527 [JavaFX Application Thread] DEBUG PhysicsWorld         - Clearing physics world
08:30:56.528 [FXGL Background Thread 2 ] DEBUG FXGLApplication      - Initializing game
08:30:56.595 [FXGL Background Thread 2 ] DEBUG FXGLAssetLoaderServi - Loading from file system: file:/Users/ahnafabidshan/Documents/study%20stuffs/8th%20semester/AOOP%20LAB/AOOP%20PROJECT/Game/target/classes/assets/textures/player.png
08:30:56.610 [FXGL Background Thread 2 ] DEBUG FXGLAssetLoaderServi - Loading from file system: file:/Users/ahnafabidshan/Documents/study%20stuffs/8th%20semester/AOOP%20LAB/AOOP%20PROJECT/Game/target/classes/assets/textures/bomb.png
08:30:56.614 [FXGL Background Thread 2 ] INFO  FXGLApplication      - Game initialization took: 0.086 sec
08:30:56.615 [JavaFX Application Thread] DEBUG Input                - Clearing active input actions
08:30:56.618 [JavaFX Application Thread] DEBUG GameApplicationServi - Removing overlay from FXGLLoadingScene and adding to GameScene
08:30:56.618 [JavaFX Application Thread] DEBUG PrimaryStageWindow   - FXGLLoadingScene -> GameScene
08:30:58.451 [JavaFX Application Thread] WARN  FXGLAssetLoaderServi - Asset "/assets/sounds/pass.wav" was not found!
08:30:58.452 [JavaFX Application Thread] WARN  FXGLAssetLoaderServi - Failed to load SOUND
08:31:03.437 [JavaFX Application Thread] DEBUG EventBus             - Firing event: com.demo.game.events.BombExplodedEvent[source=javafx.event.Event$$Lambda/0x000000d0011fa570@5a377ae2]
08:31:03.438 [JavaFX Application Thread] DEBUG LoopRunner           - Stopping loop
08:31:03.441 [JavaFX Application Thread] FATAL FXGLApplication      - Uncaught Exception:
java.lang.IllegalArgumentException: Component PhysicsComponent not found!
	at com.almasb.fxgl.entity@21.1/com.almasb.fxgl.entity.Entity.getComponent(Entity.java:366)
	at com.demo.game/com.demo.game.components.PlayerComponent.respawn(PlayerComponent.java:142)
	at com.demo.game/com.demo.game.GameApp.startNewRound(GameApp.java:178)
	at com.demo.game/com.demo.game.GameApp.onSinglePlayerBombExploded(GameApp.java:210)
	at javafx.base/com.sun.javafx.event.CompositeEventHandler$NormalEventHandlerRecord.handleBubblingEvent(CompositeEventHandler.java:247)
	at javafx.base/com.sun.javafx.event.CompositeEventHandler.dispatchBubblingEvent(CompositeEventHandler.java:80)
	at javafx.base/com.sun.javafx.event.EventHandlerManager.dispatchBubblingEvent(EventHandlerManager.java:232)
	at javafx.base/com.sun.javafx.event.EventHandlerManager.dispatchBubblingEvent(EventHandlerManager.java:189)
	at javafx.base/com.sun.javafx.event.CompositeEventDispatcher.dispatchBubblingEvent(CompositeEventDispatcher.java:59)
	at javafx.base/com.sun.javafx.event.BasicEventDispatcher.dispatchEvent(BasicEventDispatcher.java:58)
	at javafx.base/com.sun.javafx.event.EventDispatchChainImpl.dispatchEvent(EventDispatchChainImpl.java:114)
	at javafx.base/com.sun.javafx.event.EventUtil.fireEventImpl(EventUtil.java:74)
	at javafx.base/com.sun.javafx.event.EventUtil.fireEvent(EventUtil.java:54)
	at javafx.base/javafx.event.Event.fireEvent(Event.java:198)
	at javafx.graphics/javafx.scene.Node.fireEvent(Node.java:8875)
	at com.almasb.fxgl.core@21.1/com.almasb.fxgl.event.EventBus.fireEvent(EventBus.kt:66)
	at com.demo.game/com.demo.game.components.BombComponent.explodeSinglePlayer(BombComponent.java:83)
	at com.demo.game/com.demo.game.components.BombComponent.onUpdate(BombComponent.java:52)
	at com.almasb.fxgl.entity@21.1/com.almasb.fxgl.entity.Entity$ComponentMap.update(Entity.java:60)
	at com.almasb.fxgl.entity@21.1/com.almasb.fxgl.entity.Entity.update(Entity.java:248)
	at com.almasb.fxgl.entity@21.1/com.almasb.fxgl.entity.GameWorld.onUpdate(GameWorld.kt:177)
	at com.almasb.fxgl.all@21.1/com.almasb.fxgl.app.scene.GameScene.step(GameScene.kt:228)
	at com.almasb.fxgl.all@21.1/com.almasb.fxgl.app.scene.GameScene.onUpdate(GameScene.kt:224)
	at com.almasb.fxgl.scene@21.1/com.almasb.fxgl.scene.Scene.update(Scene.kt:105)
	at com.almasb.fxgl.all@21.1/com.almasb.fxgl.app.MainWindow$update$1.invoke(MainWindow.kt:121)
	at com.almasb.fxgl.all@21.1/com.almasb.fxgl.app.MainWindow$update$1.invoke(MainWindow.kt:121)
	at com.almasb.fxgl.core@21.1/com.almasb.fxgl.core.fsm.StateMachine.runOnActiveStates(StateMachine.kt:69)
	at com.almasb.fxgl.all@21.1/com.almasb.fxgl.app.MainWindow.update(MainWindow.kt:121)
	at com.almasb.fxgl.all@21.1/com.almasb.fxgl.app.FXGLApplication$GameApplicationService.onUpdate(FXGLApplication.kt:445)
	at com.almasb.fxgl.all@21.1/com.almasb.fxgl.app.Engine.loop(Engine.kt:134)
	at com.almasb.fxgl.all@21.1/com.almasb.fxgl.app.Engine.access$loop(Engine.kt:24)
	at com.almasb.fxgl.all@21.1/com.almasb.fxgl.app.Engine$loop$1.invoke(Engine.kt:28)
	at com.almasb.fxgl.all@21.1/com.almasb.fxgl.app.Engine$loop$1.invoke(Engine.kt:28)
	at com.almasb.fxgl.all@21.1/com.almasb.fxgl.app.LoopRunner.frame(LoopRunner.kt:103)
	at com.almasb.fxgl.all@21.1/com.almasb.fxgl.app.LoopRunner.access$frame(LoopRunner.kt:23)
	at com.almasb.fxgl.all@21.1/com.almasb.fxgl.app.LoopRunner$impl$2$1.onTick(LoopRunner.kt:57)
	at com.almasb.fxgl.all@21.1/com.almasb.fxgl.app.AnimationTimerLoop$timer$1.handle(LoopRunner.kt:137)
	at javafx.graphics/javafx.animation.AnimationTimer$AnimationTimerReceiver.lambda$handle$0(AnimationTimer.java:58)
	at java.base/java.security.AccessController.doPrivileged(AccessController.java:400)
	at javafx.graphics/javafx.animation.AnimationTimer$AnimationTimerReceiver.handle(AnimationTimer.java:57)
	at javafx.graphics/com.sun.scenario.animation.AbstractPrimaryTimer.timePulseImpl(AbstractPrimaryTimer.java:356)
	at javafx.graphics/com.sun.scenario.animation.AbstractPrimaryTimer$MainLoop.run(AbstractPrimaryTimer.java:266)
	at javafx.graphics/com.sun.javafx.tk.quantum.QuantumToolkit.pulse(QuantumToolkit.java:588)
	at javafx.graphics/com.sun.javafx.tk.quantum.QuantumToolkit.pulse(QuantumToolkit.java:572)
	at javafx.graphics/com.sun.javafx.tk.quantum.QuantumToolkit.pulseFromQueue(QuantumToolkit.java:565)
	at javafx.graphics/com.sun.javafx.tk.quantum.QuantumToolkit.lambda$runToolkit$11(QuantumToolkit.java:352)
	at javafx.graphics/com.sun.glass.ui.InvokeLaterDispatcher$Future.run(InvokeLaterDispatcher.java:95)

08:31:03.441 [JavaFX Application Thread] FATAL FXGLApplication      - Application will now exit
08:31:03.452 [JavaFX Application Thread] DEBUG PrimaryStageWindow   - Push state: ErrorSubScene
08:31:03.452 [JavaFX Application Thread] DEBUG Input                - Clearing active input actions
08:31:03.454 [JavaFX Application Thread] DEBUG GameApplicationServi - Removing overlay from GameScene and adding to ErrorSubScene
08:31:03.454 [JavaFX Application Thread] DEBUG PrimaryStageWindow   - GameScene -> ErrorSubScene
08:34:55.623 [JavaFX Application Thread] DEBUG FXGLApplication      - Exiting FXGL
08:34:55.624 [JavaFX Application Thread] DEBUG Async                - Shutting down background threads
08:34:55.628 [JavaFX Application Thread] DEBUG PrimaryStageWindow   - Closing main window
08:34:55.651 [JavaFX Application Thread] DEBUG Logger               - Closing Logger
