11:01:41.681 [main                     ] DEBUG Logger               - Configured Logger
11:01:41.689 [main                     ] DEBUG GameApplication      - Logging settings
Title: Hot Potato Arena
Version: 0.1.0
Width: 800
Height: 600
Fullscreen: false
Intro: false
Profiling: false
Single step:false
App Mode: DEVELOPER
Menu Key: ESCAPE
Stage Style: DECORATED
Scene Factory: class com.demo.game.GameApp$1

11:01:42.055 [JavaFX Application Thread] DEBUG FXGLApplication      - Initializing FXGL
11:01:42.057 [JavaFX Application Thread] INFO  Engine               - FXGL-21.1 (27.03.2024 07.52) on MAC (J:21.0.7 FX:21.0.7+1)
11:01:42.057 [JavaFX Application Thread] DEBUG Engine               - JRE Vendor Name: BellSoft
11:01:42.057 [JavaFX Application Thread] DEBUG Engine               - Running on OS: Mac OS X version 26.0.1
11:01:42.057 [JavaFX Application Thread] DEBUG Engine               - Architecture: aarch64
11:01:42.057 [JavaFX Application Thread] INFO  Engine               - Source code and latest versions at: https://github.com/AlmasB/FXGL
11:01:42.057 [JavaFX Application Thread] INFO  Engine               -       Ask questions and discuss at: https://github.com/AlmasB/FXGL/discussions
11:01:42.057 [JavaFX Application Thread] INFO  Engine               -              Join the FXGL chat at: https://gitter.im/AlmasB/FXGL
11:01:42.099 [JavaFX Application Thread] DEBUG PrimaryStageWindow   - Creating a JavaFX scene
11:01:42.118 [JavaFX Application Thread] DEBUG PrimaryStageWindow   - Target settings size: 800.0 x 600.0
11:01:42.118 [JavaFX Application Thread] DEBUG PrimaryStageWindow   - Scaled scene size:    800.0 x 600.0
11:01:42.118 [JavaFX Application Thread] DEBUG PrimaryStageWindow   - Scaled ratio: (1.0, 1.0)
11:01:42.119 [JavaFX Application Thread] DEBUG PrimaryStageWindow   - Set initial scene to FXGLStartupScene
11:01:42.120 [JavaFX Application Thread] DEBUG PrimaryStageWindow   - Opening main window
11:01:42.241 [JavaFX Application Thread] DEBUG PrimaryStageWindow   - Window border size: (0.0, 28.0)
11:01:42.241 [JavaFX Application Thread] DEBUG PrimaryStageWindow   - Scaled size: 800.0 x 600.0
11:01:42.241 [JavaFX Application Thread] DEBUG PrimaryStageWindow   - Scaled ratio: (1.0, 1.0)
11:01:42.241 [JavaFX Application Thread] DEBUG PrimaryStageWindow   - Scene size: 800.0 x 600.0
11:01:42.241 [JavaFX Application Thread] DEBUG PrimaryStageWindow   - Stage size: 800.0 x 628.0
11:01:42.245 [FXGL Background Thread 1 ] DEBUG Engine               - Initializing environment variables
11:01:42.292 [FXGL Background Thread 1 ] DEBUG FXGLAssetLoaderServi - User app class for loading assets: class com.demo.game.GameApp
11:01:42.293 [FXGL Background Thread 1 ] DEBUG GameApplicationServi - Applying CSS: fxgl_dark.css
11:01:42.294 [FXGL Background Thread 1 ] DEBUG FXGLAssetLoaderServi - Loading from file system: jar:file:///Users/ahnafabidshan/.m2/repository/com/github/almasb/fxgl/21.1/fxgl-21.1.jar!/fxglassets/ui/css/fxgl_dark.css
11:01:42.327 [FXGL Background Thread 1 ] DEBUG GameApplicationServi - Initializing application scenes
11:01:42.422 [FXGL Background Thread 1 ] DEBUG GameWorld            - Game world initialized
11:01:42.448 [FXGL Background Thread 1 ] DEBUG PhysicsWorld         - Physics world initialized: appHeight=600, physics.ppm=50.0
11:01:42.449 [FXGL Background Thread 1 ] DEBUG PhysicsWorld         - Using strategy: BRUTE_FORCE
11:01:42.450 [FXGL Background Thread 1 ] DEBUG GameScene            - Game scene initialized: 800x600
11:01:42.499 [FXGL Background Thread 1 ] DEBUG FXGL.DefaultMenu     - createMenuBodyGameMenu()
11:01:42.503 [FXGL Background Thread 1 ] DEBUG FXGL.DefaultMenu     - createOptionsMenu()
11:01:42.507 [FXGL Background Thread 1 ] DEBUG FXGLAssetLoaderServi - Loading from file system: jar:file:///Users/ahnafabidshan/.m2/repository/com/github/almasb/fxgl/21.1/fxgl-21.1.jar!/fxglassets/textures/particles/smoke.png
11:01:42.561 [FXGL Background Thread 1 ] DEBUG FXGLAssetLoaderServi - Loading from file system: jar:file:///Users/ahnafabidshan/.m2/repository/com/github/almasb/fxgl/21.1/fxgl-21.1.jar!/fxglassets/textures/particles/trace_horizontal.png
11:01:42.575 [FXGL Background Thread 1 ] DEBUG GameApplicationServi - Application scenes initialized
11:01:42.579 [FXGL Background Thread 1 ] DEBUG SystemBundleService  - Loading FXGL system data
11:01:42.583 [FXGL Background Thread 1 ] DEBUG FileSystemAccess     - Reading from: /Users/ahnafabidshan/Downloads/Game/system/fxgl.bundle
11:01:42.588 [FXGL Background Thread 1 ] DEBUG SystemBundleService  - Bundle FXGL: {}
11:01:42.588 [FXGL Background Thread 1 ] DEBUG UpdaterService       - Checking for updates
11:01:42.590 [FXGL Background Thread 4 ] DEBUG FXGLApplication      - Loading fonts
11:01:42.590 [FXGL Background Thread 1 ] DEBUG FXGLApplication      - Loading default localization
11:01:42.590 [FXGL Background Thread 4 ] DEBUG FXGLAssetLoaderServi - Loading from file system: jar:file:///Users/ahnafabidshan/.m2/repository/com/github/almasb/fxgl/21.1/fxgl-21.1.jar!/fxglassets/ui/fonts/VarelaRound-Regular.ttf
11:01:42.590 [FXGL Background Thread 1 ] DEBUG FXGLAssetLoaderServi - Loading from file system: jar:file:///Users/ahnafabidshan/.m2/repository/com/github/almasb/fxgl/21.1/fxgl-21.1.jar!/fxglassets/languages/english.lang
11:01:42.599 [FXGL Background Thread 1 ] INFO  FXGLApplication      - FXGL initialization took: 0.353 sec
11:01:42.602 [FXGL Background Thread 4 ] DEBUG FXGLAssetLoaderServi - Loading from file system: jar:file:///Users/ahnafabidshan/.m2/repository/com/github/almasb/fxgl/21.1/fxgl-21.1.jar!/fxglassets/ui/fonts/Abel-Regular.ttf
11:01:42.603 [JavaFX Application Thread] DEBUG Input                - Registered new binding: Move Left - A
11:01:42.603 [JavaFX Application Thread] DEBUG Input                - Registered new binding: Move Right - D
11:01:42.603 [JavaFX Application Thread] DEBUG Input                - Registered new binding: Move Up - W
11:01:42.603 [JavaFX Application Thread] DEBUG Input                - Registered new binding: Move Down - S
11:01:42.603 [JavaFX Application Thread] DEBUG Input                - Registered new binding: Pass Bomb - Space
11:01:42.605 [FXGL Background Thread 4 ] DEBUG FXGLAssetLoaderServi - Loading from file system: jar:file:///Users/ahnafabidshan/.m2/repository/com/github/almasb/fxgl/21.1/fxgl-21.1.jar!/fxglassets/ui/fonts/TerminalLandMono-Regular.otf
11:01:42.605 [JavaFX Application Thread] DEBUG FXGLAssetLoaderServi - Loading from file system: jar:file:///Users/ahnafabidshan/.m2/repository/com/github/almasb/fxgl/21.1/fxgl-21.1.jar!/fxglassets/textures/fxgl_icon.png
11:01:42.608 [FXGL Background Thread 4 ] DEBUG FXGLAssetLoaderServi - Loading from file system: jar:file:///Users/ahnafabidshan/.m2/repository/com/github/almasb/fxgl/21.1/fxgl-21.1.jar!/fxglassets/ui/fonts/Courier-Prime.ttf
11:01:42.623 [JavaFX Application Thread] DEBUG FXGLAssetLoaderServi - Loading from file system: jar:file:///Users/ahnafabidshan/.m2/repository/com/github/almasb/fxgl/21.1/fxgl-21.1.jar!/fxglassets/textures/fxgl_default_cursor.png
11:01:42.624 [JavaFX Application Thread] DEBUG Input                - Registered new binding: Screenshot - CTRL+8
11:01:42.624 [JavaFX Application Thread] DEBUG Input                - Registered new binding: System info dump - CTRL+9
11:01:42.625 [JavaFX Application Thread] DEBUG Input                - Registered new binding: Restart - CTRL+R
11:01:42.625 [JavaFX Application Thread] DEBUG Input                - Registered new binding: Toggle Debug Camera - CTRL+7
11:01:42.625 [JavaFX Application Thread] DEBUG LoopRunner           - Starting loop
11:01:42.626 [JavaFX Application Thread] DEBUG LoopRunner           - Initializing JavaFX AnimationTimerLoop
11:01:42.626 [JavaFX Application Thread] DEBUG Input                - Clearing active input actions
11:01:42.631 [JavaFX Application Thread] DEBUG GameApplicationServi - Removing overlay from FXGLStartupScene and adding to FXGLMainMenuDummyScene
11:01:42.632 [JavaFX Application Thread] DEBUG PrimaryStageWindow   - FXGLStartupScene -> FXGLMainMenuDummyScene
11:01:42.632 [JavaFX Application Thread] DEBUG PrimaryStageWindow   - Push state: LoginScene
11:01:42.632 [JavaFX Application Thread] DEBUG Input                - Clearing active input actions
11:01:42.638 [JavaFX Application Thread] DEBUG GameApplicationServi - Removing overlay from FXGLMainMenuDummyScene and adding to LoginScene
11:01:42.638 [JavaFX Application Thread] DEBUG PrimaryStageWindow   - FXGLMainMenuDummyScene -> LoginScene
11:01:42.658 [JavaFX Application Thread] DEBUG FXGLApplication      - Registering font factories with UI factory
11:01:45.595 [FXGL Background Thread 3 ] DEBUG Engine               - Logging environment variables
11:01:45.597 [FXGL Background Thread 3 ] DEBUG Engine               - achievements: []
11:01:45.597 [FXGL Background Thread 3 ] DEBUG Engine               - actualHeight: 600.0
11:01:45.597 [FXGL Background Thread 3 ] DEBUG Engine               - actualHeightProperty: ReadOnlyDoubleProperty [value: 600.0]
11:01:45.598 [FXGL Background Thread 3 ] DEBUG Engine               - actualWidth: 800.0
11:01:45.598 [FXGL Background Thread 3 ] DEBUG Engine               - actualWidthProperty: ReadOnlyDoubleProperty [value: 800.0]
11:01:45.598 [FXGL Background Thread 3 ] DEBUG Engine               - appIcon: fxgl_icon.png
11:01:45.598 [FXGL Background Thread 3 ] DEBUG Engine               - applicationMode: DEVELOPER
11:01:45.598 [FXGL Background Thread 3 ] DEBUG Engine               - cSSList: [fxgl_dark.css]
11:01:45.598 [FXGL Background Thread 3 ] DEBUG Engine               - collisionDetectionStrategy: BRUTE_FORCE
11:01:45.598 [FXGL Background Thread 3 ] DEBUG Engine               - configClass: Optional.empty
11:01:45.598 [FXGL Background Thread 3 ] DEBUG Engine               - credits: []
11:01:45.600 [FXGL Background Thread 3 ] DEBUG Engine               - defaultCursor: CursorInfo(imageName=fxgl_default_cursor.png, hotspotX=7.0, hotspotY=6.0)
11:01:45.601 [FXGL Background Thread 3 ] DEBUG Engine               - devBBoxColorProperty: ObjectProperty [value: 0xff0000ff]
11:01:45.601 [FXGL Background Thread 3 ] DEBUG Engine               - devEnableDebugCameraProperty: BooleanProperty [value: false]
11:01:45.602 [FXGL Background Thread 3 ] DEBUG Engine               - devSensorColorProperty: ObjectProperty [value: 0xffff00ff]
11:01:45.602 [FXGL Background Thread 3 ] DEBUG Engine               - devShowBBoxProperty: BooleanProperty [value: false]
11:01:45.602 [FXGL Background Thread 3 ] DEBUG Engine               - devShowPositionProperty: BooleanProperty [value: false]
11:01:45.602 [FXGL Background Thread 3 ] DEBUG Engine               - enabledMenuItems: []
11:01:45.602 [FXGL Background Thread 3 ] DEBUG Engine               - engineServices: [class com.almasb.fxgl.app.services.FXGLAssetLoaderService, class com.almasb.fxgl.app.FXGLApplication$GameApplicationService, class com.almasb.fxgl.app.services.FXGLDialogService, class com.almasb.fxgl.app.services.IOTaskExecutorService, class com.almasb.fxgl.io.FileSystemService, class com.almasb.fxgl.localization.LocalizationService, class com.almasb.fxgl.app.services.SystemBundleService, class com.almasb.fxgl.profile.SaveLoadService, class com.almasb.fxgl.ui.FXGLUIFactoryServiceProvider, class com.almasb.fxgl.ui.FXGLDialogFactoryServiceProvider, class com.almasb.fxgl.audio.AudioPlayer, class com.almasb.fxgl.notification.impl.NotificationServiceProvider, class com.almasb.fxgl.achievement.AchievementService, class com.almasb.fxgl.cutscene.CutsceneService, class com.almasb.fxgl.minigames.MiniGameService, class com.almasb.fxgl.net.NetService, class com.almasb.fxgl.app.services.UpdaterService, class com.almasb.fxgl.dev.DevService]
11:01:45.602 [FXGL Background Thread 3 ] DEBUG Engine               - fontGame: Abel-Regular.ttf
11:01:45.602 [FXGL Background Thread 3 ] DEBUG Engine               - fontMono: TerminalLandMono-Regular.otf
11:01:45.603 [FXGL Background Thread 3 ] DEBUG Engine               - fontSizeScaleUI: 1.0
11:01:45.603 [FXGL Background Thread 3 ] DEBUG Engine               - fontText: Courier-Prime.ttf
11:01:45.603 [FXGL Background Thread 3 ] DEBUG Engine               - fontUI: VarelaRound-Regular.ttf
11:01:45.603 [FXGL Background Thread 3 ] DEBUG Engine               - fullScreen: BooleanProperty [value: false]
11:01:45.603 [FXGL Background Thread 3 ] DEBUG Engine               - gameDifficulty: MEDIUM
11:01:45.603 [FXGL Background Thread 3 ] DEBUG Engine               - gameDifficultyProperty: ObjectProperty [value: MEDIUM]
11:01:45.603 [FXGL Background Thread 3 ] DEBUG Engine               - globalMusicVolume: 0.5
11:01:45.603 [FXGL Background Thread 3 ] DEBUG Engine               - globalMusicVolumeProperty: DoubleProperty [value: 0.5]
11:01:45.603 [FXGL Background Thread 3 ] DEBUG Engine               - globalSoundVolume: 0.5
11:01:45.604 [FXGL Background Thread 3 ] DEBUG Engine               - globalSoundVolumeProperty: DoubleProperty [value: 0.5]
11:01:45.604 [FXGL Background Thread 3 ] DEBUG Engine               - height: 600
11:01:45.604 [FXGL Background Thread 3 ] DEBUG Engine               - is3D: false
11:01:45.604 [FXGL Background Thread 3 ] DEBUG Engine               - isAndroid: false
11:01:45.604 [FXGL Background Thread 3 ] DEBUG Engine               - isBrowser: false
11:01:45.604 [FXGL Background Thread 3 ] DEBUG Engine               - isClickFeedbackEnabled: false
11:01:45.604 [FXGL Background Thread 3 ] DEBUG Engine               - isCloseConfirmation: false
11:01:45.604 [FXGL Background Thread 3 ] DEBUG Engine               - isDesktop: true
11:01:45.604 [FXGL Background Thread 3 ] DEBUG Engine               - isDeveloperMenuEnabled: false
11:01:45.604 [FXGL Background Thread 3 ] DEBUG Engine               - isEmbedded: false
11:01:45.604 [FXGL Background Thread 3 ] DEBUG Engine               - isEntityPreloadEnabled: true
11:01:45.604 [FXGL Background Thread 3 ] DEBUG Engine               - isExperimentalTiledLargeMap: false
11:01:45.604 [FXGL Background Thread 3 ] DEBUG Engine               - isFileSystemWriteAllowed: true
11:01:45.604 [FXGL Background Thread 3 ] DEBUG Engine               - isFullScreenAllowed: false
11:01:45.605 [FXGL Background Thread 3 ] DEBUG Engine               - isFullScreenFromStart: false
11:01:45.605 [FXGL Background Thread 3 ] DEBUG Engine               - isGameMenuEnabled: true
11:01:45.605 [FXGL Background Thread 3 ] DEBUG Engine               - isIOS: false
11:01:45.605 [FXGL Background Thread 3 ] DEBUG Engine               - isIntroEnabled: false
11:01:45.605 [FXGL Background Thread 3 ] DEBUG Engine               - isLinux: false
11:01:45.605 [FXGL Background Thread 3 ] DEBUG Engine               - isMac: true
11:01:45.605 [FXGL Background Thread 3 ] DEBUG Engine               - isMainMenuEnabled: true
11:01:45.605 [FXGL Background Thread 3 ] DEBUG Engine               - isManualResizeEnabled: false
11:01:45.605 [FXGL Background Thread 3 ] DEBUG Engine               - isMobile: false
11:01:45.605 [FXGL Background Thread 3 ] DEBUG Engine               - isNative: false
11:01:45.605 [FXGL Background Thread 3 ] DEBUG Engine               - isPauseMusicWhenMinimized: true
11:01:45.605 [FXGL Background Thread 3 ] DEBUG Engine               - isPreserveResizeRatio: false
11:01:45.606 [FXGL Background Thread 3 ] DEBUG Engine               - isProfilingEnabled: false
11:01:45.606 [FXGL Background Thread 3 ] DEBUG Engine               - isScaleAffectedOnResize: true
11:01:45.606 [FXGL Background Thread 3 ] DEBUG Engine               - isSingleStep: false
11:01:45.606 [FXGL Background Thread 3 ] DEBUG Engine               - isUserProfileEnabled: false
11:01:45.606 [FXGL Background Thread 3 ] DEBUG Engine               - isWindows: false
11:01:45.606 [FXGL Background Thread 3 ] DEBUG Engine               - language: ObjectProperty [value: ENGLISH]
11:01:45.606 [FXGL Background Thread 3 ] DEBUG Engine               - menuKey: ESCAPE
11:01:45.606 [FXGL Background Thread 3 ] DEBUG Engine               - mouseSensitivity: 0.2
11:01:45.606 [FXGL Background Thread 3 ] DEBUG Engine               - notificationViewClass: class com.almasb.fxgl.notification.view.XboxNotificationView
11:01:45.606 [FXGL Background Thread 3 ] DEBUG Engine               - pixelsPerMeter: 50.0
11:01:45.606 [FXGL Background Thread 3 ] DEBUG Engine               - platform: MAC
11:01:45.607 [FXGL Background Thread 3 ] DEBUG Engine               - prefHeightProperty: ReadOnlyDoubleProperty [value: 600.0]
11:01:45.607 [FXGL Background Thread 3 ] DEBUG Engine               - prefWidthProperty: ReadOnlyDoubleProperty [value: 800.0]
11:01:45.607 [FXGL Background Thread 3 ] DEBUG Engine               - profileDir: profiles/
11:01:45.607 [FXGL Background Thread 3 ] DEBUG Engine               - profileName: StringProperty [value: DEFAULT]
11:01:45.607 [FXGL Background Thread 3 ] DEBUG Engine               - randomSeed: -1
11:01:45.607 [FXGL Background Thread 3 ] DEBUG Engine               - runtimeInfo: RuntimeInfo(platform=MAC, version=21.1, build=27.03.2024 07.52)
11:01:45.607 [FXGL Background Thread 3 ] DEBUG Engine               - saveFileExt: sav
11:01:45.607 [FXGL Background Thread 3 ] DEBUG Engine               - scaledHeightProp$fxgl: DoubleProperty [bound, value: 600.0]
11:01:45.607 [FXGL Background Thread 3 ] DEBUG Engine               - scaledWidthProp$fxgl: DoubleProperty [bound, value: 800.0]
11:01:45.608 [FXGL Background Thread 3 ] DEBUG Engine               - sceneFactory: com.demo.game.GameApp$1@6a6019e0
11:01:45.608 [FXGL Background Thread 3 ] DEBUG Engine               - secondsIn24h: 60
11:01:45.608 [FXGL Background Thread 3 ] DEBUG Engine               - soundMenuBack: menu/back.wav
11:01:45.608 [FXGL Background Thread 3 ] DEBUG Engine               - soundMenuPress: menu/press.wav
11:01:45.608 [FXGL Background Thread 3 ] DEBUG Engine               - soundMenuSelect: menu/select.wav
11:01:45.608 [FXGL Background Thread 3 ] DEBUG Engine               - soundNotification: core/notification.wav
11:01:45.608 [FXGL Background Thread 3 ] DEBUG Engine               - stageStyle: DECORATED
11:01:45.608 [FXGL Background Thread 3 ] DEBUG Engine               - supportedLanguages: [ENGLISH, FRENCH, GERMAN, HUNGARIAN, RUSSIAN]
11:01:45.608 [FXGL Background Thread 3 ] DEBUG Engine               - ticksPerSecond: -1
11:01:45.608 [FXGL Background Thread 3 ] DEBUG Engine               - title: Hot Potato Arena
11:01:45.608 [FXGL Background Thread 3 ] DEBUG Engine               - urlGithub: https://github.com/AlmasB/FXGL
11:01:45.608 [FXGL Background Thread 3 ] DEBUG Engine               - urlLeaderboard: http://fxgl-top.herokuapp.com/
11:01:45.608 [FXGL Background Thread 3 ] DEBUG Engine               - urlPOM: https://raw.githubusercontent.com/AlmasB/FXGL/release/README.md
11:01:45.608 [FXGL Background Thread 3 ] DEBUG Engine               - userAppClass: class com.demo.game.GameApp
11:01:45.608 [FXGL Background Thread 3 ] DEBUG Engine               - version: 0.1.0
11:01:45.608 [FXGL Background Thread 3 ] DEBUG Engine               - versionCheckDays: 7
11:01:45.608 [FXGL Background Thread 3 ] DEBUG Engine               - width: 800
11:01:45.608 [FXGL Background Thread 3 ] DEBUG Engine               - Logging services
11:01:45.608 [FXGL Background Thread 3 ] DEBUG Engine               - class com.almasb.fxgl.app.services.FXGLAssetLoaderService
11:01:45.608 [FXGL Background Thread 3 ] DEBUG Engine               - class com.almasb.fxgl.app.FXGLApplication$GameApplicationService
11:01:45.608 [FXGL Background Thread 3 ] DEBUG Engine               - class com.almasb.fxgl.app.services.FXGLDialogService
11:01:45.609 [FXGL Background Thread 3 ] DEBUG Engine               - class com.almasb.fxgl.app.services.IOTaskExecutorService
11:01:45.609 [FXGL Background Thread 3 ] DEBUG Engine               - class com.almasb.fxgl.io.FileSystemService
11:01:45.609 [FXGL Background Thread 3 ] DEBUG Engine               - class com.almasb.fxgl.localization.LocalizationService
11:01:45.609 [FXGL Background Thread 3 ] DEBUG Engine               - class com.almasb.fxgl.app.services.SystemBundleService
11:01:45.609 [FXGL Background Thread 3 ] DEBUG Engine               - class com.almasb.fxgl.profile.SaveLoadService
11:01:45.609 [FXGL Background Thread 3 ] DEBUG Engine               - class com.almasb.fxgl.ui.FXGLUIFactoryServiceProvider
11:01:45.609 [FXGL Background Thread 3 ] DEBUG Engine               - class com.almasb.fxgl.ui.FXGLDialogFactoryServiceProvider
11:01:45.609 [FXGL Background Thread 3 ] DEBUG Engine               - class com.almasb.fxgl.audio.AudioPlayer
11:01:45.609 [FXGL Background Thread 3 ] DEBUG Engine               - class com.almasb.fxgl.notification.impl.NotificationServiceProvider
11:01:45.609 [FXGL Background Thread 3 ] DEBUG Engine               - class com.almasb.fxgl.achievement.AchievementService
11:01:45.609 [FXGL Background Thread 3 ] DEBUG Engine               - class com.almasb.fxgl.cutscene.CutsceneService
11:01:45.609 [FXGL Background Thread 3 ] DEBUG Engine               - class com.almasb.fxgl.minigames.MiniGameService
11:01:45.609 [FXGL Background Thread 3 ] DEBUG Engine               - class com.almasb.fxgl.net.NetService
11:01:45.609 [FXGL Background Thread 3 ] DEBUG Engine               - class com.almasb.fxgl.app.services.UpdaterService
11:01:45.609 [FXGL Background Thread 3 ] DEBUG Engine               - class com.almasb.fxgl.dev.DevService
11:01:48.982 [JavaFX Application Thread] DEBUG FXGLApplication      - Exiting FXGL
11:01:48.983 [JavaFX Application Thread] DEBUG LoopRunner           - Stopping loop
11:01:48.983 [JavaFX Application Thread] DEBUG SystemBundleService  - Saving FXGL system data
11:01:48.985 [JavaFX Application Thread] DEBUG FileSystemAccess     - Writing to: /Users/ahnafabidshan/Downloads/Game/system/fxgl.bundle
11:01:48.988 [JavaFX Application Thread] DEBUG Async                - Shutting down background threads
11:01:48.988 [JavaFX Application Thread] DEBUG PrimaryStageWindow   - Closing main window
11:01:49.030 [JavaFX Application Thread] DEBUG Logger               - Closing Logger
